This is XeTeX, Version 3.141592653-2.6-0.999994 (MiKTeX 22.3) (preloaded format=xelatex 2022.5.11)  16 MAY 2022 23:01
entering extended mode
 restricted \write18 enabled.
 %&-line parsing enabled.
**./AKA3.tex
(AKA3.tex
LaTeX2e <2021-11-15> patch level 1
L3 programming layer <2022-04-29> (C:\Users\nilsk\AppData\Local\Programs\MiKTeX
\tex/latex/base\article.cls
Document Class: article 2021/10/04 v1.4n Standard LaTeX document class
(C:\Users\nilsk\AppData\Local\Programs\MiKTeX\tex/latex/base\size10.clo
File: size10.clo 2021/10/04 v1.4n Standard LaTeX file (size option)
)
\c@part=\count181
\c@section=\count182
\c@subsection=\count183
\c@subsubsection=\count184
\c@paragraph=\count185
\c@subparagraph=\count186
\c@figure=\count187
\c@table=\count188
\abovecaptionskip=\skip47
\belowcaptionskip=\skip48
\bibindent=\dimen138
) (C:\Users\nilsk\AppData\Local\Programs\MiKTeX\tex/latex/amsmath\amsmath.sty
Package: amsmath 2021/10/15 v2.17l AMS math features
\@mathmargin=\skip49
For additional information on amsmath, use the `?' option.
(C:\Users\nilsk\AppData\Local\Programs\MiKTeX\tex/latex/amsmath\amstext.sty
Package: amstext 2021/08/26 v2.01 AMS text
(C:\Users\nilsk\AppData\Local\Programs\MiKTeX\tex/latex/amsmath\amsgen.sty
File: amsgen.sty 1999/11/30 v2.0 generic functions
\@emptytoks=\toks16
\ex@=\dimen139
)) (C:\Users\nilsk\AppData\Local\Programs\MiKTeX\tex/latex/amsmath\amsbsy.sty
Package: amsbsy 1999/11/29 v1.2d Bold Symbols
\pmbraise@=\dimen140
) (C:\Users\nilsk\AppData\Local\Programs\MiKTeX\tex/latex/amsmath\amsopn.sty
Package: amsopn 2021/08/26 v2.02 operator names
)
\inf@bad=\count189
LaTeX Info: Redefining \frac on input line 234.
\uproot@=\count190
\leftroot@=\count191
LaTeX Info: Redefining \overline on input line 399.
\classnum@=\count192
\DOTSCASE@=\count193
LaTeX Info: Redefining \ldots on input line 496.
LaTeX Info: Redefining \dots on input line 499.
LaTeX Info: Redefining \cdots on input line 620.
\Mathstrutbox@=\box50
\strutbox@=\box51
\big@size=\dimen141
LaTeX Font Info:    Redeclaring font encoding OML on input line 743.
LaTeX Font Info:    Redeclaring font encoding OMS on input line 744.
\macc@depth=\count194
\c@MaxMatrixCols=\count195
\dotsspace@=\muskip16
\c@parentequation=\count196
\dspbrk@lvl=\count197
\tag@help=\toks17
\row@=\count198
\column@=\count199
\maxfields@=\count266
\andhelp@=\toks18
\eqnshift@=\dimen142
\alignsep@=\dimen143
\tagshift@=\dimen144
\tagwidth@=\dimen145
\totwidth@=\dimen146
\lineht@=\dimen147
\@envbody=\toks19
\multlinegap=\skip50
\multlinetaggap=\skip51
\mathdisplay@stack=\toks20
LaTeX Info: Redefining \[ on input line 2938.
LaTeX Info: Redefining \] on input line 2939.
) (C:\Users\nilsk\AppData\Local\Programs\MiKTeX\tex/latex/amsfonts\amssymb.sty
Package: amssymb 2013/01/14 v3.01 AMS font symbols
(C:\Users\nilsk\AppData\Local\Programs\MiKTeX\tex/latex/amsfonts\amsfonts.sty
Package: amsfonts 2013/01/14 v3.01 Basic AMSFonts support
\symAMSa=\mathgroup4
\symAMSb=\mathgroup5
LaTeX Font Info:    Redeclaring math symbol \hbar on input line 98.
LaTeX Font Info:    Overwriting math alphabet `\mathfrak' in version `bold'
(Font)                  U/euf/m/n --> U/euf/b/n on input line 106.
)) (C:\Users\nilsk\AppData\Local\Programs\MiKTeX\tex/latex/lm\lmodern.sty
Package: lmodern 2009/10/30 v1.6 Latin Modern Fonts
LaTeX Font Info:    Overwriting symbol font `operators' in version `normal'
(Font)                  OT1/cmr/m/n --> OT1/lmr/m/n on input line 22.
LaTeX Font Info:    Overwriting symbol font `letters' in version `normal'
(Font)                  OML/cmm/m/it --> OML/lmm/m/it on input line 23.
LaTeX Font Info:    Overwriting symbol font `symbols' in version `normal'
(Font)                  OMS/cmsy/m/n --> OMS/lmsy/m/n on input line 24.
LaTeX Font Info:    Overwriting symbol font `largesymbols' in version `normal'
(Font)                  OMX/cmex/m/n --> OMX/lmex/m/n on input line 25.
LaTeX Font Info:    Overwriting symbol font `operators' in version `bold'
(Font)                  OT1/cmr/bx/n --> OT1/lmr/bx/n on input line 26.
LaTeX Font Info:    Overwriting symbol font `letters' in version `bold'
(Font)                  OML/cmm/b/it --> OML/lmm/b/it on input line 27.
LaTeX Font Info:    Overwriting symbol font `symbols' in version `bold'
(Font)                  OMS/cmsy/b/n --> OMS/lmsy/b/n on input line 28.
LaTeX Font Info:    Overwriting symbol font `largesymbols' in version `bold'
(Font)                  OMX/cmex/m/n --> OMX/lmex/m/n on input line 29.
LaTeX Font Info:    Overwriting math alphabet `\mathbf' in version `normal'
(Font)                  OT1/cmr/bx/n --> OT1/lmr/bx/n on input line 31.
LaTeX Font Info:    Overwriting math alphabet `\mathsf' in version `normal'
(Font)                  OT1/cmss/m/n --> OT1/lmss/m/n on input line 32.
LaTeX Font Info:    Overwriting math alphabet `\mathit' in version `normal'
(Font)                  OT1/cmr/m/it --> OT1/lmr/m/it on input line 33.
LaTeX Font Info:    Overwriting math alphabet `\mathtt' in version `normal'
(Font)                  OT1/cmtt/m/n --> OT1/lmtt/m/n on input line 34.
LaTeX Font Info:    Overwriting math alphabet `\mathbf' in version `bold'
(Font)                  OT1/cmr/bx/n --> OT1/lmr/bx/n on input line 35.
LaTeX Font Info:    Overwriting math alphabet `\mathsf' in version `bold'
(Font)                  OT1/cmss/bx/n --> OT1/lmss/bx/n on input line 36.
LaTeX Font Info:    Overwriting math alphabet `\mathit' in version `bold'
(Font)                  OT1/cmr/bx/it --> OT1/lmr/bx/it on input line 37.
LaTeX Font Info:    Overwriting math alphabet `\mathtt' in version `bold'
(Font)                  OT1/cmtt/m/n --> OT1/lmtt/m/n on input line 38.
) (C:\Users\nilsk\AppData\Local\Programs\MiKTeX\tex/generic/iftex\iftex.sty
Package: iftex 2022/02/03 v1.0f TeX engine tests
)
(C:\Users\nilsk\AppData\Local\Programs\MiKTeX\tex/latex/unicode-math\unicode-ma
th.sty (C:\Users\nilsk\AppData\Local\Programs\MiKTeX\tex/latex/l3kernel\expl3.s
ty
Package: expl3 2022-04-29 L3 programming layer (loader) 

(C:\Users\nilsk\AppData\Local\Programs\MiKTeX\tex/latex/l3backend\l3backend-xet
ex.def
File: l3backend-xetex.def 2022-04-20 L3 backend support: XeTeX
\g__graphics_track_int=\count267
\l__pdf_internal_box=\box52
\g__pdf_backend_object_int=\count268
\g__pdf_backend_annotation_int=\count269
\g__pdf_backend_link_int=\count270
))
Package: unicode-math 2020/01/31 v0.8q Unicode maths in XeLaTeX and LuaLaTeX

(C:\Users\nilsk\AppData\Local\Programs\MiKTeX\tex/latex/unicode-math\unicode-ma
th-xetex.sty
Package: unicode-math-xetex 2020/01/31 v0.8q Unicode maths in XeLaTeX and LuaLa
TeX

(C:\Users\nilsk\AppData\Local\Programs\MiKTeX\tex/latex/l3packages/xparse\xpars
e.sty
Package: xparse 2022-01-12 L3 Experimental document command parser
)
(C:\Users\nilsk\AppData\Local\Programs\MiKTeX\tex/latex/l3packages/l3keys2e\l3k
eys2e.sty
Package: l3keys2e 2022-01-12 LaTeX2e option processing using LaTeX3 keys
) (C:\Users\nilsk\AppData\Local\Programs\MiKTeX\tex/latex/fontspec\fontspec.sty
Package: fontspec 2022/01/15 v2.8a Font selection for XeLaTeX and LuaLaTeX

(C:\Users\nilsk\AppData\Local\Programs\MiKTeX\tex/latex/fontspec\fontspec-xetex
.sty
Package: fontspec-xetex 2022/01/15 v2.8a Font selection for XeLaTeX and LuaLaTe
X
\l__fontspec_script_int=\count271
\l__fontspec_language_int=\count272
\l__fontspec_strnum_int=\count273
\l__fontspec_tmp_int=\count274
\l__fontspec_tmpa_int=\count275
\l__fontspec_tmpb_int=\count276
\l__fontspec_tmpc_int=\count277
\l__fontspec_em_int=\count278
\l__fontspec_emdef_int=\count279
\l__fontspec_strong_int=\count280
\l__fontspec_strongdef_int=\count281
\l__fontspec_tmpa_dim=\dimen148
\l__fontspec_tmpb_dim=\dimen149
\l__fontspec_tmpc_dim=\dimen150
(C:\Users\nilsk\AppData\Local\Programs\MiKTeX\tex/latex/base\fontenc.sty
Package: fontenc 2021/04/29 v2.0v Standard LaTeX package
) (C:\Users\nilsk\AppData\Local\Programs\MiKTeX\tex/latex/fontspec\fontspec.cfg
))) (C:\Users\nilsk\AppData\Local\Programs\MiKTeX\tex/latex/base\fix-cm.sty
Package: fix-cm 2020/11/24 v1.1t fixes to LaTeX
(C:\Users\nilsk\AppData\Local\Programs\MiKTeX\tex/latex/base\ts1enc.def
File: ts1enc.def 2001/06/05 v3.0e (jk/car/fm) Standard LaTeX file
LaTeX Font Info:    Redeclaring font encoding TS1 on input line 47.
))
\g__um_fam_int=\count282
\g__um_fonts_used_int=\count283
\l__um_primecount_int=\count284
\g__um_primekern_muskip=\muskip17

(C:\Users\nilsk\AppData\Local\Programs\MiKTeX\tex/latex/unicode-math\unicode-ma
th-table.tex))) (C:\Users\nilsk\AppData\Local\Programs\MiKTeX\tex/latex/upquote
\upquote.sty
Package: upquote 2012/04/19 v1.3 upright-quote and grave-accent glyphs in verba
tim
(C:\Users\nilsk\AppData\Local\Programs\MiKTeX\tex/latex/base\textcomp.sty
Package: textcomp 2020/02/02 v2.0n Standard LaTeX package
))
(C:\Users\nilsk\AppData\Local\Programs\MiKTeX\tex/latex/microtype\microtype.sty
Package: microtype 2022/03/14 v3.0d Micro-typographical refinements (RS)
(C:\Users\nilsk\AppData\Local\Programs\MiKTeX\tex/latex/graphics\keyval.sty
Package: keyval 2014/10/28 v1.15 key=value parser (DPC)
\KV@toks@=\toks21
) (C:\Users\nilsk\AppData\Local\Programs\MiKTeX\tex/latex/etoolbox\etoolbox.sty
Package: etoolbox 2020/10/05 v2.5k e-TeX tools for LaTeX (JAW)
\etb@tempcnta=\count285
)
\MT@toks=\toks22
\MT@tempbox=\box53
\MT@count=\count286
LaTeX Info: Redefining \noprotrusionifhmode on input line 1027.
LaTeX Info: Redefining \leftprotrusion on input line 1028.
LaTeX Info: Redefining \rightprotrusion on input line 1036.
LaTeX Info: Redefining \textls on input line 1195.
\MT@outer@kern=\dimen151
LaTeX Info: Redefining \textmicrotypecontext on input line 1781.
\MT@listname@count=\count287

(C:\Users\nilsk\AppData\Local\Programs\MiKTeX\tex/latex/microtype\microtype-xet
ex.def
File: microtype-xetex.def 2022/03/14 v3.0d Definitions specific to xetex (RS)
LaTeX Info: Redefining \lsstyle on input line 236.
)
Package microtype Info: Loading configuration file microtype.cfg.

(C:\Users\nilsk\AppData\Local\Programs\MiKTeX\tex/latex/microtype\microtype.cfg
File: microtype.cfg 2022/03/14 v3.0d microtype main configuration file (RS)
)) (C:\Users\nilsk\AppData\Local\Programs\MiKTeX\tex/latex/parskip\parskip.sty
Package: parskip 2021-03-14 v2.0h non-zero parskip adjustments

(C:\Users\nilsk\AppData\Local\Programs\MiKTeX\tex/latex/kvoptions\kvoptions.sty
Package: kvoptions 2020-10-07 v3.14 Key value format for package options (HO)
(C:\Users\nilsk\AppData\Local\Programs\MiKTeX\tex/generic/ltxcmds\ltxcmds.sty
Package: ltxcmds 2020-05-10 v1.25 LaTeX kernel commands for general use (HO)
)
(C:\Users\nilsk\AppData\Local\Programs\MiKTeX\tex/generic/kvsetkeys\kvsetkeys.s
ty
Package: kvsetkeys 2019/12/15 v1.18 Key value parser (HO)
))) (C:\Users\nilsk\AppData\Local\Programs\MiKTeX\tex/latex/xcolor\xcolor.sty
Package: xcolor 2021/10/31 v2.13 LaTeX color extensions (UK)
(C:\Users\nilsk\AppData\Local\Programs\MiKTeX\tex/latex/graphics-cfg\color.cfg
File: color.cfg 2016/01/02 v1.6 sample color configuration
)
Package xcolor Info: Driver file: xetex.def on input line 227.
(C:\Users\nilsk\AppData\Local\Programs\MiKTeX\tex/latex/graphics-def\xetex.def
File: xetex.def 2022/04/16 v5.0m Graphics/color driver for xetex
)
Package xcolor Info: Model `cmy' substituted by `cmy0' on input line 1352.
Package xcolor Info: Model `RGB' extended on input line 1368.
Package xcolor Info: Model `HTML' substituted by `rgb' on input line 1370.
Package xcolor Info: Model `Hsb' substituted by `hsb' on input line 1371.
Package xcolor Info: Model `tHsb' substituted by `hsb' on input line 1372.
Package xcolor Info: Model `HSB' substituted by `hsb' on input line 1373.
Package xcolor Info: Model `Gray' substituted by `gray' on input line 1374.
Package xcolor Info: Model `wave' substituted by `hsb' on input line 1375.
) (C:\Users\nilsk\AppData\Local\Programs\MiKTeX\tex/latex/xurl\xurl.sty
Package: xurl 2022/01/09 v 0.10 modify URL breaks
(C:\Users\nilsk\AppData\Local\Programs\MiKTeX\tex/latex/url\url.sty
\Urlmuskip=\muskip18
Package: url 2013/09/16  ver 3.4  Verb mode for urls, etc.
)) (C:\Users\nilsk\AppData\Local\Programs\MiKTeX\tex/latex/bookmark\bookmark.st
y
Package: bookmark 2020-11-06 v1.29 PDF bookmarks (HO)
(C:\Users\nilsk\AppData\Local\Programs\MiKTeX\tex/latex/hyperref\hyperref.sty
Package: hyperref 2022-02-21 v7.00n Hypertext links for LaTeX

(C:\Users\nilsk\AppData\Local\Programs\MiKTeX\tex/generic/pdftexcmds\pdftexcmds
.sty
Package: pdftexcmds 2020-06-27 v0.33 Utility functions of pdfTeX for LuaTeX (HO
)

(C:\Users\nilsk\AppData\Local\Programs\MiKTeX\tex/generic/infwarerr\infwarerr.s
ty
Package: infwarerr 2019/12/03 v1.5 Providing info/warning/error messages (HO)
)
Package pdftexcmds Info: \pdf@primitive is available.
Package pdftexcmds Info: \pdf@ifprimitive is available.
Package pdftexcmds Info: \pdfdraftmode not found.
)
(C:\Users\nilsk\AppData\Local\Programs\MiKTeX\tex/generic/kvdefinekeys\kvdefine
keys.sty
Package: kvdefinekeys 2019-12-19 v1.6 Define keys (HO)
)
(C:\Users\nilsk\AppData\Local\Programs\MiKTeX\tex/generic/pdfescape\pdfescape.s
ty
Package: pdfescape 2019/12/09 v1.15 Implements pdfTeX's escape features (HO)
) (C:\Users\nilsk\AppData\Local\Programs\MiKTeX\tex/latex/hycolor\hycolor.sty
Package: hycolor 2020-01-27 v1.10 Color options for hyperref/bookmark (HO)
)
(C:\Users\nilsk\AppData\Local\Programs\MiKTeX\tex/latex/letltxmacro\letltxmacro
.sty
Package: letltxmacro 2019/12/03 v1.6 Let assignment for LaTeX macros (HO)
) (C:\Users\nilsk\AppData\Local\Programs\MiKTeX\tex/latex/auxhook\auxhook.sty
Package: auxhook 2019-12-17 v1.6 Hooks for auxiliary files (HO)
)
\@linkdim=\dimen152
\Hy@linkcounter=\count288
\Hy@pagecounter=\count289
(C:\Users\nilsk\AppData\Local\Programs\MiKTeX\tex/latex/hyperref\pd1enc.def
File: pd1enc.def 2022-02-21 v7.00n Hyperref: PDFDocEncoding definition (HO)
) (C:\Users\nilsk\AppData\Local\Programs\MiKTeX\tex/generic/intcalc\intcalc.sty
Package: intcalc 2019/12/15 v1.3 Expandable calculations with integers (HO)
)
(C:\Users\nilsk\AppData\Local\Programs\MiKTeX\tex/generic/etexcmds\etexcmds.sty
Package: etexcmds 2019/12/15 v1.7 Avoid name clashes with e-TeX commands (HO)
)
\Hy@SavedSpaceFactor=\count290
(C:\Users\nilsk\AppData\Local\Programs\MiKTeX\tex/latex/hyperref\puenc.def
File: puenc.def 2022-02-21 v7.00n Hyperref: PDF Unicode definition (HO)
)
Package hyperref Info: Option `unicode' set `true' on input line 4018.
Package hyperref Info: Hyper figures OFF on input line 4137.
Package hyperref Info: Link nesting OFF on input line 4142.
Package hyperref Info: Hyper index ON on input line 4145.
Package hyperref Info: Plain pages OFF on input line 4152.
Package hyperref Info: Backreferencing OFF on input line 4157.
Package hyperref Info: Implicit mode ON; LaTeX internals redefined.
Package hyperref Info: Bookmarks ON on input line 4390.
\c@Hy@tempcnt=\count291
LaTeX Info: Redefining \url on input line 4749.
\XeTeXLinkMargin=\dimen153
(C:\Users\nilsk\AppData\Local\Programs\MiKTeX\tex/generic/bitset\bitset.sty
Package: bitset 2019/12/09 v1.3 Handle bit-vector datatype (HO)

(C:\Users\nilsk\AppData\Local\Programs\MiKTeX\tex/generic/bigintcalc\bigintcalc
.sty
Package: bigintcalc 2019/12/15 v1.5 Expandable calculations on big integers (HO
)
))
\Fld@menulength=\count292
\Field@Width=\dimen154
\Fld@charsize=\dimen155
Package hyperref Info: Hyper figures OFF on input line 6027.
Package hyperref Info: Link nesting OFF on input line 6032.
Package hyperref Info: Hyper index ON on input line 6035.
Package hyperref Info: backreferencing OFF on input line 6042.
Package hyperref Info: Link coloring OFF on input line 6047.
Package hyperref Info: Link coloring with OCG OFF on input line 6052.
Package hyperref Info: PDF/A mode OFF on input line 6057.
LaTeX Info: Redefining \ref on input line 6097.
LaTeX Info: Redefining \pageref on input line 6101.
(C:\Users\nilsk\AppData\Local\Programs\MiKTeX\tex/latex/base\atbegshi-ltx.sty
Package: atbegshi-ltx 2021/01/10 v1.0c Emulation of the original atbegshi
package with kernel methods
)
\Hy@abspage=\count293
\c@Item=\count294
\c@Hfootnote=\count295
)
Package hyperref Info: Driver (autodetected): hxetex.
(C:\Users\nilsk\AppData\Local\Programs\MiKTeX\tex/latex/hyperref\hxetex.def
File: hxetex.def 2022-02-21 v7.00n Hyperref driver for XeTeX

(C:\Users\nilsk\AppData\Local\Programs\MiKTeX\tex/generic/stringenc\stringenc.s
ty
Package: stringenc 2019/11/29 v1.12 Convert strings between diff. encodings (HO
)
)
\pdfm@box=\box54
\c@Hy@AnnotLevel=\count296
\HyField@AnnotCount=\count297
\Fld@listcount=\count298
\c@bookmark@seq@number=\count299

(C:\Users\nilsk\AppData\Local\Programs\MiKTeX\tex/latex/rerunfilecheck\rerunfil
echeck.sty
Package: rerunfilecheck 2019/12/05 v1.9 Rerun checks for auxiliary files (HO)
(C:\Users\nilsk\AppData\Local\Programs\MiKTeX\tex/latex/base\atveryend-ltx.sty
Package: atveryend-ltx 2020/08/19 v1.0a Emulation of the original atveryend pac
kage
with kernel methods
)
(C:\Users\nilsk\AppData\Local\Programs\MiKTeX\tex/generic/uniquecounter\uniquec
ounter.sty
Package: uniquecounter 2019/12/15 v1.4 Provide unlimited unique counter (HO)
)
Package uniquecounter Info: New unique counter `rerunfilecheck' on input line 2
86.
)
\Hy@SectionHShift=\skip52
)
(C:\Users\nilsk\AppData\Local\Programs\MiKTeX\tex/latex/bookmark\bkm-dvipdfm.de
f
File: bkm-dvipdfm.def 2020-11-06 v1.29 bookmark driver for dvipdfm (HO)
\BKM@id=\count300
)) (C:\Users\nilsk\AppData\Local\Programs\MiKTeX\tex/latex/geometry\geometry.st
y
Package: geometry 2020/01/02 v5.9 Page Geometry
(C:\Users\nilsk\AppData\Local\Programs\MiKTeX\tex/generic/iftex\ifvtex.sty
Package: ifvtex 2019/10/25 v1.7 ifvtex legacy package. Use iftex instead.
)
\Gm@cnth=\count301
\Gm@cntv=\count302
\c@Gm@tempcnt=\count303
\Gm@bindingoffset=\dimen156
\Gm@wd@mp=\dimen157
\Gm@odd@mp=\dimen158
\Gm@even@mp=\dimen159
\Gm@layoutwidth=\dimen160
\Gm@layoutheight=\dimen161
\Gm@layouthoffset=\dimen162
\Gm@layoutvoffset=\dimen163
\Gm@dimlist=\toks23
(C:\Users\nilsk\AppData\Local\Programs\MiKTeX\tex/latex/geometry\geometry.cfg))
(C:\Users\nilsk\AppData\Local\Programs\MiKTeX\tex/latex/fancyvrb\fancyvrb.sty
Package: fancyvrb 2022/04/12 4.2 verbatim text (tvz,hv)
\FV@CodeLineNo=\count304
\FV@InFile=\read2
\FV@TabBox=\box55
\c@FancyVerbLine=\count305
\FV@StepNumber=\count306
\FV@OutFile=\write3
) (C:\Users\nilsk\AppData\Local\Programs\MiKTeX\tex/latex/framed\framed.sty
Package: framed 2011/10/22 v 0.96: framed or shaded text with page breaks
\OuterFrameSep=\skip53
\fb@frw=\dimen164
\fb@frh=\dimen165
\FrameRule=\dimen166
\FrameSep=\dimen167
) (C:\Users\nilsk\AppData\Local\Programs\MiKTeX\tex/latex/tools\longtable.sty
Package: longtable 2021-09-01 v4.17 Multi-page Table package (DPC)
\LTleft=\skip54
\LTright=\skip55
\LTpre=\skip56
\LTpost=\skip57
\LTchunksize=\count307
\LTcapwidth=\dimen168
\LT@head=\box56
\LT@firsthead=\box57
\LT@foot=\box58
\LT@lastfoot=\box59
\LT@gbox=\box60
\LT@cols=\count308
\LT@rows=\count309
\c@LT@tables=\count310
\c@LT@chunks=\count311
\LT@p@ftn=\toks24
) (C:\Users\nilsk\AppData\Local\Programs\MiKTeX\tex/latex/booktabs\booktabs.sty
Package: booktabs 2020/01/12 v1.61803398 Publication quality tables
\heavyrulewidth=\dimen169
\lightrulewidth=\dimen170
\cmidrulewidth=\dimen171
\belowrulesep=\dimen172
\belowbottomsep=\dimen173
\aboverulesep=\dimen174
\abovetopsep=\dimen175
\cmidrulesep=\dimen176
\cmidrulekern=\dimen177
\defaultaddspace=\dimen178
\@cmidla=\count312
\@cmidlb=\count313
\@aboverulesep=\dimen179
\@belowrulesep=\dimen180
\@thisruleclass=\count314
\@lastruleclass=\count315
\@thisrulewidth=\dimen181
) (C:\Users\nilsk\AppData\Local\Programs\MiKTeX\tex/latex/tools\array.sty
Package: array 2021/10/04 v2.5f Tabular extension package (FMi)
\col@sep=\dimen182
\ar@mcellbox=\box61
\extrarowheight=\dimen183
\NC@list=\toks25
\extratabsurround=\skip58
\backup@length=\skip59
\ar@cellbox=\box62
) (C:\Users\nilsk\AppData\Local\Programs\MiKTeX\tex/latex/tools\calc.sty
Package: calc 2017/05/25 v4.3 Infix arithmetic (KKT,FJ)
\calc@Acount=\count316
\calc@Bcount=\count317
\calc@Adimen=\dimen184
\calc@Bdimen=\dimen185
\calc@Askip=\skip60
\calc@Bskip=\skip61
LaTeX Info: Redefining \setlength on input line 80.
LaTeX Info: Redefining \addtolength on input line 81.
\calc@Ccount=\count318
\calc@Cskip=\skip62
)
(C:\Users\nilsk\AppData\Local\Programs\MiKTeX\tex/latex/footnotehyper\footnoteh
yper.sty
Package: footnotehyper 2021/08/13 v1.1e hyperref aware footnote.sty (JFB)
\FNH@notes=\box63
\FNH@width=\dimen186
\FNH@toks=\toks26
) (C:\Users\nilsk\AppData\Local\Programs\MiKTeX\tex/latex/graphics\graphicx.sty
Package: graphicx 2021/09/16 v1.2d Enhanced LaTeX Graphics (DPC,SPQR)
(C:\Users\nilsk\AppData\Local\Programs\MiKTeX\tex/latex/graphics\graphics.sty
Package: graphics 2021/03/04 v1.4d Standard LaTeX Graphics (DPC,SPQR)
(C:\Users\nilsk\AppData\Local\Programs\MiKTeX\tex/latex/graphics\trig.sty
Package: trig 2021/08/11 v1.11 sin cos tan (DPC)
)
(C:\Users\nilsk\AppData\Local\Programs\MiKTeX\tex/latex/graphics-cfg\graphics.c
fg
File: graphics.cfg 2016/06/04 v1.11 sample graphics configuration
)
Package graphics Info: Driver file: xetex.def on input line 107.
)
\Gin@req@height=\dimen187
\Gin@req@width=\dimen188
)
\cslhangindent=\skip63
\csllabelwidth=\skip64
\cslentryspacingunit=\skip65
(C:\Users\nilsk\AppData\Local\Programs\MiKTeX\tex/latex/multirow\multirow.sty
Package: multirow 2021/03/15 v2.8 Span multiple rows of a table
\multirow@colwidth=\skip66
\multirow@cntb=\count319
\multirow@dima=\skip67
\bigstrutjot=\dimen189
) (C:\Users\nilsk\AppData\Local\Programs\MiKTeX\tex/latex/wrapfig\wrapfig.sty
\wrapoverhang=\dimen190
\WF@size=\dimen191
\c@WF@wrappedlines=\count320
\WF@box=\box64
\WF@everypar=\toks27
Package: wrapfig 2003/01/31  v 3.6
) (C:\Users\nilsk\AppData\Local\Programs\MiKTeX\tex/latex/float\float.sty
Package: float 2001/11/08 v1.3d Float enhancements (AL)
\c@float@type=\count321
\float@exts=\toks28
\float@box=\box65
\@float@everytoks=\toks29
\@floatcapt=\box66
) (C:\Users\nilsk\AppData\Local\Programs\MiKTeX\tex/latex/colortbl\colortbl.sty
Package: colortbl 2020/01/04 v1.0e Color table columns (DPC)
\everycr=\toks30
\minrowclearance=\skip68
)
(C:\Users\nilsk\AppData\Local\Programs\MiKTeX\tex/latex/pdflscape\pdflscape.sty
Package: pdflscape 2019/12/05 v0.12 Display of landscape pages in PDF (HO)
(C:\Users\nilsk\AppData\Local\Programs\MiKTeX\tex/latex/graphics\lscape.sty
Package: lscape 2020/05/28 v3.02 Landscape Pages (DPC)
)
Package pdflscape Info: Auto-detected driver: dvipdfm (xetex) on input line 98.

) (C:\Users\nilsk\AppData\Local\Programs\MiKTeX\tex/latex/tabu\tabu.sty
Package: tabu 2019/01/11 v2.9 - flexible LaTeX tabulars (FC+tabu-fixed)
(C:\Users\nilsk\AppData\Local\Programs\MiKTeX\tex/latex/varwidth\varwidth.sty
Package: varwidth 2009/03/30 ver 0.92;  Variable-width minipages
\@vwid@box=\box67
\sift@deathcycles=\count322
\@vwid@loff=\dimen192
\@vwid@roff=\dimen193
)
\c@taburow=\count323
\tabu@nbcols=\count324
\tabu@cnt=\count325
\tabu@Xcol=\count326
\tabu@alloc=\count327
\tabu@nested=\count328
\tabu@target=\dimen194
\tabu@spreadtarget=\dimen195
\tabu@naturalX=\dimen196
\tabucolX=\dimen197
\tabu@Xsum=\dimen198
\extrarowdepth=\dimen199
\abovetabulinesep=\dimen256
\belowtabulinesep=\dimen257
\tabustrutrule=\dimen258
\tabu@thebody=\toks31
\tabu@footnotes=\toks32
\tabu@box=\box68
\tabu@arstrutbox=\box69
\tabu@hleads=\box70
\tabu@vleads=\box71
\tabu@cellskip=\skip69
)
(C:\Users\nilsk\AppData\Local\Programs\MiKTeX\tex/latex/threeparttable\threepar
ttable.sty
Package: threeparttable 2003/06/13  v 3.0
\@tempboxb=\box72
)
(C:\Users\nilsk\AppData\Local\Programs\MiKTeX\tex/latex/threeparttablex\threepa
rttablex.sty
Package: threeparttablex 2013/07/23 v0.3 by daleif
(C:\Users\nilsk\AppData\Local\Programs\MiKTeX\tex/latex/environ\environ.sty
Package: environ 2014/05/04 v0.3 A new way to define environments

(C:\Users\nilsk\AppData\Local\Programs\MiKTeX\tex/latex/trimspaces\trimspaces.s
ty
Package: trimspaces 2009/09/17 v1.1 Trim spaces around a token list
))
\TPTL@width=\skip70
) (C:\Users\nilsk\AppData\Local\Programs\MiKTeX\tex/latex/ulem\ulem.sty
\UL@box=\box73
\UL@hyphenbox=\box74
\UL@skip=\skip71
\UL@hook=\toks33
\UL@height=\dimen259
\UL@pe=\count329
\UL@pixel=\dimen260
\ULC@box=\box75
Package: ulem 2019/11/18
\ULdepth=\dimen261
) (C:\Users\nilsk\AppData\Local\Programs\MiKTeX\tex/latex/makecell\makecell.sty
Package: makecell 2009/08/03 V0.1e Managing of Tab Column Heads and Cells
\rotheadsize=\dimen262
\c@nlinenum=\count330
\TeXr@lab=\toks34
) (C:\Users\nilsk\AppData\Local\Programs\MiKTeX\tex/latex/tools\multicol.sty
Package: multicol 2021/10/28 v1.9b multicolumn formatting (FMi)
\c@tracingmulticols=\count331
\mult@box=\box76
\multicol@leftmargin=\dimen263
\c@unbalance=\count332
\c@collectmore=\count333
\doublecol@number=\count334
\multicoltolerance=\count335
\multicolpretolerance=\count336
\full@width=\dimen264
\page@free=\dimen265
\premulticols=\dimen266
\postmulticols=\dimen267
\multicolsep=\skip72
\multicolbaselineskip=\skip73
\partial@page=\box77
\last@line=\box78
\maxbalancingoverflow=\dimen268
\mult@rightbox=\box79
\mult@grightbox=\box80
\mult@firstbox=\box81
\mult@gfirstbox=\box82
\@tempa=\box83
\@tempa=\box84
\@tempa=\box85
\@tempa=\box86
\@tempa=\box87
\@tempa=\box88
\@tempa=\box89
\@tempa=\box90
\@tempa=\box91
\@tempa=\box92
\@tempa=\box93
\@tempa=\box94
\@tempa=\box95
\@tempa=\box96
\@tempa=\box97
\@tempa=\box98
\@tempa=\box99
\@tempa=\box100
\@tempa=\box101
\@tempa=\box102
\@tempa=\box103
\@tempa=\box104
\@tempa=\box105
\@tempa=\box106
\@tempa=\box107
\@tempa=\box108
\@tempa=\box109
\@tempa=\box110
\@tempa=\box111
\@tempa=\box112
\@tempa=\box113
\@tempa=\box114
\@tempa=\box115
\@tempa=\box116
\@tempa=\box117
\@tempa=\box118
\c@minrows=\count337
\c@columnbadness=\count338
\c@finalcolumnbadness=\count339
\last@try=\dimen269
\multicolovershoot=\dimen270
\multicolundershoot=\dimen271
\mult@nat@firstbox=\box119
\colbreak@box=\box120
\mc@col@check@num=\count340
) (C:\Users\nilsk\AppData\Local\Programs\MiKTeX\tex/latex/tools\hhline.sty
Package: hhline 2020/01/04 v2.04 Table rule package (DPC)
) (C:\Users\nilsk\AppData\Local\Programs\MiKTeX\tex/latex/natbib\natbib.sty
Package: natbib 2010/09/13 8.31b (PWD, AO)
\bibhang=\skip74
\bibsep=\skip75
LaTeX Info: Redefining \cite on input line 694.
\c@NAT@ctr=\count341
)
\citation{harrisPrimerMultivariateStatistics2013}

Package natbib Warning: Citation `harrisPrimerMultivariateStatistics2013' undef
ined on input line 159.

\citation{schmidtRelativeEfficiencyRegression1971}

Package natbib Warning: Citation `schmidtRelativeEfficiencyRegression1971' unde
fined on input line 159.

\citation{nunallyPsychometricTheory1978}

Package natbib Warning: Citation `nunallyPsychometricTheory1978' undefined on i
nput line 159.

\citation{stevensAppliedMultivariateStatistics1996}

Package natbib Warning: Citation `stevensAppliedMultivariateStatistics1996' und
efined on input line 159.

\citation{greenHowManySubjects1991}

Package natbib Warning: Citation `greenHowManySubjects1991' undefined on input 
line 159.

\citation{milesApplyingRegressionCorrelation2001}

Package natbib Warning: Citation `milesApplyingRegressionCorrelation2001' undef
ined on input line 159.

(AKA3.aux)
\openout1 = `AKA3.aux'.

LaTeX Font Info:    Checking defaults for OML/cmm/m/it on input line 165.
LaTeX Font Info:    ... okay on input line 165.
LaTeX Font Info:    Checking defaults for OMS/cmsy/m/n on input line 165.
LaTeX Font Info:    ... okay on input line 165.
LaTeX Font Info:    Checking defaults for OT1/cmr/m/n on input line 165.
LaTeX Font Info:    ... okay on input line 165.
LaTeX Font Info:    Checking defaults for T1/cmr/m/n on input line 165.
LaTeX Font Info:    ... okay on input line 165.
LaTeX Font Info:    Checking defaults for TS1/cmr/m/n on input line 165.
LaTeX Font Info:    ... okay on input line 165.
LaTeX Font Info:    Checking defaults for TU/lmr/m/n on input line 165.
LaTeX Font Info:    ... okay on input line 165.
LaTeX Font Info:    Checking defaults for OMX/cmex/m/n on input line 165.
LaTeX Font Info:    ... okay on input line 165.
LaTeX Font Info:    Checking defaults for U/cmr/m/n on input line 165.
LaTeX Font Info:    ... okay on input line 165.
LaTeX Font Info:    Checking defaults for PD1/pdf/m/n on input line 165.
LaTeX Font Info:    ... okay on input line 165.
LaTeX Font Info:    Checking defaults for PU/pdf/m/n on input line 165.
LaTeX Font Info:    ... okay on input line 165.
LaTeX Font Info:    Overwriting math alphabet `\mathrm' in version `normal'
(Font)                  OT1/lmr/m/n --> TU/lmr/m/n on input line 165.
LaTeX Font Info:    Overwriting math alphabet `\mathit' in version `normal'
(Font)                  OT1/lmr/m/it --> TU/lmr/m/it on input line 165.
LaTeX Font Info:    Overwriting math alphabet `\mathbf' in version `normal'
(Font)                  OT1/lmr/bx/n --> TU/lmr/bx/n on input line 165.
LaTeX Font Info:    Overwriting math alphabet `\mathsf' in version `normal'
(Font)                  OT1/lmss/m/n --> TU/lmss/m/n on input line 165.
LaTeX Font Info:    Overwriting math alphabet `\mathsf' in version `bold'
(Font)                  OT1/lmss/bx/n --> TU/lmss/bx/n on input line 165.
LaTeX Font Info:    Overwriting math alphabet `\mathtt' in version `normal'
(Font)                  OT1/lmtt/m/n --> TU/lmtt/m/n on input line 165.
LaTeX Font Info:    Overwriting math alphabet `\mathtt' in version `bold'
(Font)                  OT1/lmtt/m/n --> TU/lmtt/bx/n on input line 165.

Package fontspec Info: latinmodern-math scale = 0.9999964596882403.


Package fontspec Info: latinmodern-math scale = 0.9999964596882403.


Package fontspec Info: latinmodern-math scale = 0.9999964596882403.


Package fontspec Info: Font family 'latinmodern-math.otf(0)' created for font
(fontspec)             'latinmodern-math.otf' with options
(fontspec)             [Scale=MatchLowercase,BoldItalicFont={},ItalicFont={},Sm
allCapsFont={},Script=Math,BoldFont={latinmodern-math.otf}].
(fontspec)              
(fontspec)              This font family consists of the following NFSS
(fontspec)             series/shapes:
(fontspec)              
(fontspec)             - 'normal' (m/n) with NFSS spec.:
(fontspec)             <->s*[0.9999964596882403]"[latinmodern-math.otf]/OT:scri
pt=math;language=dflt;"
(fontspec)             - 'small caps'  (m/sc) with NFSS spec.: 
(fontspec)             - 'bold' (b/n) with NFSS spec.:
(fontspec)             <->s*[0.9999964596882403]"[latinmodern-math.otf]/OT:scri
pt=math;language=dflt;"
(fontspec)             - 'bold small caps'  (b/sc) with NFSS spec.: 

LaTeX Font Info:    Font shape `TU/latinmodern-math.otf(0)/m/n' will be
(Font)              scaled to size 10.0pt on input line 165.

Package fontspec Info: latinmodern-math scale = 0.9999964596882403.


Package fontspec Info: latinmodern-math scale = 0.9999964596882403.


Package fontspec Info: latinmodern-math scale = 0.9999964596882403.


Package fontspec Info: latinmodern-math scale = 0.9999964596882403.


Package fontspec Info: latinmodern-math scale = 0.9999964596882403.


Package fontspec Info: Font family 'latinmodern-math.otf(1)' created for font
(fontspec)             'latinmodern-math.otf' with options
(fontspec)             [Scale=MatchLowercase,BoldItalicFont={},ItalicFont={},Sm
allCapsFont={},Script=Math,SizeFeatures={{Size=8.5-},{Size=6-8.5,Font=latinmode
rn-math.otf,Style=MathScript},{Size=-6,Font=latinmodern-math.otf,Style=MathScri
ptScript}},BoldFont={latinmodern-math.otf}].
(fontspec)              
(fontspec)              This font family consists of the following NFSS
(fontspec)             series/shapes:
(fontspec)              
(fontspec)             - 'normal' (m/n) with NFSS spec.:
(fontspec)             <8.5->s*[0.9999964596882403]"[latinmodern-math.otf]/OT:s
cript=math;language=dflt;"<6-8.5>s*[0.9999964596882403]"[latinmodern-math.otf]/
OT:script=math;language=dflt;+ssty=0;"<-6>s*[0.9999964596882403]"[latinmodern-m
ath.otf]/OT:script=math;language=dflt;+ssty=1;"
(fontspec)             - 'small caps'  (m/sc) with NFSS spec.: 
(fontspec)             - 'bold' (b/n) with NFSS spec.:
(fontspec)             <->s*[0.9999964596882403]"[latinmodern-math.otf]/OT:scri
pt=math;language=dflt;"
(fontspec)             - 'bold small caps'  (b/sc) with NFSS spec.: 

LaTeX Font Info:    Font shape `TU/latinmodern-math.otf(1)/m/n' will be
(Font)              scaled to size 10.0pt on input line 165.
LaTeX Font Info:    Encoding `OT1' has changed to `TU' for symbol font
(Font)              `operators' in the math version `normal' on input line 165.

LaTeX Font Info:    Overwriting symbol font `operators' in version `normal'
(Font)                  OT1/lmr/m/n --> TU/latinmodern-math.otf(1)/m/n on input
 line 165.
LaTeX Font Info:    Encoding `OT1' has changed to `TU' for symbol font
(Font)              `operators' in the math version `bold' on input line 165.
LaTeX Font Info:    Overwriting symbol font `operators' in version `bold'
(Font)                  OT1/lmr/bx/n --> TU/latinmodern-math.otf(1)/b/n on inpu
t line 165.

Package fontspec Info: latinmodern-math scale = 0.9999964596882403.


Package fontspec Info: latinmodern-math scale = 1.000096459334209.


Package fontspec Info: latinmodern-math scale = 0.9999964596882403.


Package fontspec Info: latinmodern-math scale = 1.000096459334209.


Package fontspec Info: latinmodern-math scale = 0.9999964596882403.


Package fontspec Info: latinmodern-math scale = 1.000096459334209.


Package fontspec Info: latinmodern-math scale = 0.9999964596882403.


Package fontspec Info: latinmodern-math scale = 1.000096459334209.


Package fontspec Info: latinmodern-math scale = 0.9999964596882403.


Package fontspec Info: latinmodern-math scale = 1.000096459334209.


Package fontspec Info: Font family 'latinmodern-math.otf(2)' created for font
(fontspec)             'latinmodern-math.otf' with options
(fontspec)             [Scale=MatchLowercase,BoldItalicFont={},ItalicFont={},Sm
allCapsFont={},Script=Math,SizeFeatures={{Size=8.5-},{Size=6-8.5,Font=latinmode
rn-math.otf,Style=MathScript},{Size=-6,Font=latinmodern-math.otf,Style=MathScri
ptScript}},BoldFont={latinmodern-math.otf},ScaleAgain=1.0001,FontAdjustment={\f
ontdimen
(fontspec)             8\font =6.77pt\relax \fontdimen 9\font =3.94pt\relax
(fontspec)             \fontdimen 10\font =4.44pt\relax \fontdimen 11\font
(fontspec)             =6.86pt\relax \fontdimen 12\font =3.45pt\relax
(fontspec)             \fontdimen 13\font =3.63pt\relax \fontdimen 14\font
(fontspec)             =3.63pt\relax \fontdimen 15\font =2.89pt\relax
(fontspec)             \fontdimen 16\font =2.47pt\relax \fontdimen 17\font
(fontspec)             =2.47pt\relax \fontdimen 18\font =2.5pt\relax
(fontspec)             \fontdimen 19\font =2.0pt\relax \fontdimen 22\font
(fontspec)             =2.5pt\relax \fontdimen 20\font =0pt\relax \fontdimen
(fontspec)             21\font =0pt\relax }].
(fontspec)              
(fontspec)              This font family consists of the following NFSS
(fontspec)             series/shapes:
(fontspec)              
(fontspec)             - 'normal' (m/n) with NFSS spec.:
(fontspec)             <8.5->s*[1.000096459334209]"[latinmodern-math.otf]/OT:sc
ript=math;language=dflt;"<6-8.5>s*[1.000096459334209]"[latinmodern-math.otf]/OT
:script=math;language=dflt;+ssty=0;"<-6>s*[1.000096459334209]"[latinmodern-math
.otf]/OT:script=math;language=dflt;+ssty=1;"
(fontspec)             - 'small caps'  (m/sc) with NFSS spec.: 
(fontspec)             and font adjustment code:
(fontspec)             \fontdimen 8\font =6.77pt\relax \fontdimen 9\font
(fontspec)             =3.94pt\relax \fontdimen 10\font =4.44pt\relax
(fontspec)             \fontdimen 11\font =6.86pt\relax \fontdimen 12\font
(fontspec)             =3.45pt\relax \fontdimen 13\font =3.63pt\relax
(fontspec)             \fontdimen 14\font =3.63pt\relax \fontdimen 15\font
(fontspec)             =2.89pt\relax \fontdimen 16\font =2.47pt\relax
(fontspec)             \fontdimen 17\font =2.47pt\relax \fontdimen 18\font
(fontspec)             =2.5pt\relax \fontdimen 19\font =2.0pt\relax \fontdimen
(fontspec)             22\font =2.5pt\relax \fontdimen 20\font =0pt\relax
(fontspec)             \fontdimen 21\font =0pt\relax 
(fontspec)             - 'bold' (b/n) with NFSS spec.:
(fontspec)             <->s*[1.000096459334209]"[latinmodern-math.otf]/OT:scrip
t=math;language=dflt;"
(fontspec)             - 'bold small caps'  (b/sc) with NFSS spec.: 
(fontspec)             and font adjustment code:
(fontspec)             \fontdimen 8\font =6.77pt\relax \fontdimen 9\font
(fontspec)             =3.94pt\relax \fontdimen 10\font =4.44pt\relax
(fontspec)             \fontdimen 11\font =6.86pt\relax \fontdimen 12\font
(fontspec)             =3.45pt\relax \fontdimen 13\font =3.63pt\relax
(fontspec)             \fontdimen 14\font =3.63pt\relax \fontdimen 15\font
(fontspec)             =2.89pt\relax \fontdimen 16\font =2.47pt\relax
(fontspec)             \fontdimen 17\font =2.47pt\relax \fontdimen 18\font
(fontspec)             =2.5pt\relax \fontdimen 19\font =2.0pt\relax \fontdimen
(fontspec)             22\font =2.5pt\relax \fontdimen 20\font =0pt\relax
(fontspec)             \fontdimen 21\font =0pt\relax 

LaTeX Font Info:    Encoding `OMS' has changed to `TU' for symbol font
(Font)              `symbols' in the math version `normal' on input line 165.
LaTeX Font Info:    Overwriting symbol font `symbols' in version `normal'
(Font)                  OMS/lmsy/m/n --> TU/latinmodern-math.otf(2)/m/n on inpu
t line 165.
LaTeX Font Info:    Encoding `OMS' has changed to `TU' for symbol font
(Font)              `symbols' in the math version `bold' on input line 165.
LaTeX Font Info:    Overwriting symbol font `symbols' in version `bold'
(Font)                  OMS/lmsy/b/n --> TU/latinmodern-math.otf(2)/b/n on inpu
t line 165.

Package fontspec Info: latinmodern-math scale = 0.9999964596882403.


Package fontspec Info: latinmodern-math scale = 0.9998964600422715.


Package fontspec Info: latinmodern-math scale = 0.9999964596882403.


Package fontspec Info: latinmodern-math scale = 0.9998964600422715.


Package fontspec Info: latinmodern-math scale = 0.9999964596882403.


Package fontspec Info: latinmodern-math scale = 0.9998964600422715.


Package fontspec Info: latinmodern-math scale = 0.9999964596882403.


Package fontspec Info: latinmodern-math scale = 0.9998964600422715.


Package fontspec Info: latinmodern-math scale = 0.9999964596882403.


Package fontspec Info: latinmodern-math scale = 0.9998964600422715.


Package fontspec Info: Font family 'latinmodern-math.otf(3)' created for font
(fontspec)             'latinmodern-math.otf' with options
(fontspec)             [Scale=MatchLowercase,BoldItalicFont={},ItalicFont={},Sm
allCapsFont={},Script=Math,SizeFeatures={{Size=8.5-},{Size=6-8.5,Font=latinmode
rn-math.otf,Style=MathScript},{Size=-6,Font=latinmodern-math.otf,Style=MathScri
ptScript}},BoldFont={latinmodern-math.otf},ScaleAgain=0.9999,FontAdjustment={\f
ontdimen
(fontspec)             8\font =0.4pt\relax \fontdimen 9\font =2.0pt\relax
(fontspec)             \fontdimen 10\font =1.67pt\relax \fontdimen 11\font
(fontspec)             =1.11pt\relax \fontdimen 12\font =6.0pt\relax
(fontspec)             \fontdimen 13\font =0pt\relax }].
(fontspec)              
(fontspec)              This font family consists of the following NFSS
(fontspec)             series/shapes:
(fontspec)              
(fontspec)             - 'normal' (m/n) with NFSS spec.:
(fontspec)             <8.5->s*[0.9998964600422715]"[latinmodern-math.otf]/OT:s
cript=math;language=dflt;"<6-8.5>s*[0.9998964600422715]"[latinmodern-math.otf]/
OT:script=math;language=dflt;+ssty=0;"<-6>s*[0.9998964600422715]"[latinmodern-m
ath.otf]/OT:script=math;language=dflt;+ssty=1;"
(fontspec)             - 'small caps'  (m/sc) with NFSS spec.: 
(fontspec)             and font adjustment code:
(fontspec)             \fontdimen 8\font =0.4pt\relax \fontdimen 9\font
(fontspec)             =2.0pt\relax \fontdimen 10\font =1.67pt\relax
(fontspec)             \fontdimen 11\font =1.11pt\relax \fontdimen 12\font
(fontspec)             =6.0pt\relax \fontdimen 13\font =0pt\relax 
(fontspec)             - 'bold' (b/n) with NFSS spec.:
(fontspec)             <->s*[0.9998964600422715]"[latinmodern-math.otf]/OT:scri
pt=math;language=dflt;"
(fontspec)             - 'bold small caps'  (b/sc) with NFSS spec.: 
(fontspec)             and font adjustment code:
(fontspec)             \fontdimen 8\font =0.4pt\relax \fontdimen 9\font
(fontspec)             =2.0pt\relax \fontdimen 10\font =1.67pt\relax
(fontspec)             \fontdimen 11\font =1.11pt\relax \fontdimen 12\font
(fontspec)             =6.0pt\relax \fontdimen 13\font =0pt\relax 

LaTeX Font Info:    Encoding `OMX' has changed to `TU' for symbol font
(Font)              `largesymbols' in the math version `normal' on input line 1
65.
LaTeX Font Info:    Overwriting symbol font `largesymbols' in version `normal'
(Font)                  OMX/lmex/m/n --> TU/latinmodern-math.otf(3)/m/n on inpu
t line 165.
LaTeX Font Info:    Encoding `OMX' has changed to `TU' for symbol font
(Font)              `largesymbols' in the math version `bold' on input line 165
.
LaTeX Font Info:    Overwriting symbol font `largesymbols' in version `bold'
(Font)                  OMX/lmex/m/n --> TU/latinmodern-math.otf(3)/b/n on inpu
t line 165.
LaTeX Info: Redefining \microtypecontext on input line 165.
Package microtype Info: Applying patch `item' on input line 165.
Package microtype Info: Applying patch `toc' on input line 165.
Package microtype Info: Applying patch `eqnum' on input line 165.
Package microtype Info: Applying patch `footnote' on input line 165.
Package microtype Info: Character protrusion enabled (level 2).
Package microtype Info: Using protrusion set `basicmath'.
Package microtype Info: No adjustment of tracking.
Package microtype Info: No adjustment of spacing.
Package microtype Info: No adjustment of kerning.

(C:\Users\nilsk\AppData\Local\Programs\MiKTeX\tex/latex/microtype\mt-LatinModer
nRoman.cfg
File: mt-LatinModernRoman.cfg 2021/02/21 v1.1 microtype config. file: Latin Mod
ern Roman (RS)
)
Package hyperref Info: Link coloring OFF on input line 165.
(C:\Users\nilsk\AppData\Local\Programs\MiKTeX\tex/latex/hyperref\nameref.sty
Package: nameref 2021-04-02 v2.47 Cross-referencing by name of section
(C:\Users\nilsk\AppData\Local\Programs\MiKTeX\tex/latex/refcount\refcount.sty
Package: refcount 2019/12/15 v3.6 Data extraction from label references (HO)
)
(C:\Users\nilsk\AppData\Local\Programs\MiKTeX\tex/generic/gettitlestring\gettit
lestring.sty
Package: gettitlestring 2019/12/15 v1.6 Cleanup title references (HO)
)
\c@section@level=\count342
)
LaTeX Info: Redefining \ref on input line 165.
LaTeX Info: Redefining \pageref on input line 165.
LaTeX Info: Redefining \nameref on input line 165.
*geometry* driver: auto-detecting
*geometry* detected driver: xetex
*geometry* verbose mode - [ preamble ] result:
* driver: xetex
* paper: <default>
* layout: <same size as paper>
* layoutoffset:(h,v)=(0.0pt,0.0pt)
* modes: 
* h-part:(L,W,R)=(72.26999pt, 469.75502pt, 72.26999pt)
* v-part:(T,H,B)=(72.26999pt, 650.43001pt, 72.26999pt)
* \paperwidth=614.295pt
* \paperheight=794.96999pt
* \textwidth=469.75502pt
* \textheight=650.43001pt
* \oddsidemargin=0.0pt
* \evensidemargin=0.0pt
* \topmargin=-37.0pt
* \headheight=12.0pt
* \headsep=25.0pt
* \topskip=10.0pt
* \footskip=30.0pt
* \marginparwidth=65.0pt
* \marginparsep=11.0pt
* \columnsep=10.0pt
* \skip\footins=9.0pt plus 4.0pt minus 2.0pt
* \hoffset=0.0pt
* \voffset=0.0pt
* \mag=1000
* \@twocolumnfalse
* \@twosidefalse
* \@mparswitchfalse
* \@reversemarginfalse
* (1in=72.27pt=25.4mm, 1cm=28.453pt)

LaTeX Font Info:    Font shape `TU/latinmodern-math.otf(1)/m/n' will be
(Font)              scaled to size 12.0pt on input line 167.
LaTeX Font Info:    Font shape `TU/latinmodern-math.otf(1)/m/n' will be
(Font)              scaled to size 8.0pt on input line 167.
LaTeX Font Info:    Font shape `TU/latinmodern-math.otf(1)/m/n' will be
(Font)              scaled to size 6.0pt on input line 167.
LaTeX Font Info:    Trying to load font information for OML+lmm on input line 1
67.
(C:\Users\nilsk\AppData\Local\Programs\MiKTeX\tex/latex/lm\omllmm.fd
File: omllmm.fd 2009/10/30 v1.6 Font defs for Latin Modern
)
LaTeX Font Info:    Font shape `TU/latinmodern-math.otf(2)/m/n' will be
(Font)              scaled to size 12.0011pt on input line 167.
LaTeX Font Info:    Font shape `TU/latinmodern-math.otf(2)/m/n' will be
(Font)              scaled to size 8.00073pt on input line 167.
LaTeX Font Info:    Font shape `TU/latinmodern-math.otf(2)/m/n' will be
(Font)              scaled to size 6.00055pt on input line 167.
LaTeX Font Info:    Font shape `TU/latinmodern-math.otf(3)/m/n' will be
(Font)              scaled to size 11.99872pt on input line 167.
LaTeX Font Info:    Font shape `TU/latinmodern-math.otf(3)/m/n' will be
(Font)              scaled to size 7.99915pt on input line 167.
LaTeX Font Info:    Font shape `TU/latinmodern-math.otf(3)/m/n' will be
(Font)              scaled to size 5.99936pt on input line 167.
LaTeX Font Info:    Trying to load font information for U+msa on input line 167
.
(C:\Users\nilsk\AppData\Local\Programs\MiKTeX\tex/latex/amsfonts\umsa.fd
File: umsa.fd 2013/01/14 v3.01 AMS symbols A
) (C:\Users\nilsk\AppData\Local\Programs\MiKTeX\tex/latex/microtype\mt-msa.cfg
File: mt-msa.cfg 2006/02/04 v1.1 microtype config. file: AMS symbols (a) (RS)
)
LaTeX Font Info:    Trying to load font information for U+msb on input line 167
.
(C:\Users\nilsk\AppData\Local\Programs\MiKTeX\tex/latex/amsfonts\umsb.fd
File: umsb.fd 2013/01/14 v3.01 AMS symbols B
) (C:\Users\nilsk\AppData\Local\Programs\MiKTeX\tex/latex/microtype\mt-msb.cfg
File: mt-msb.cfg 2005/06/01 v1.0 microtype config. file: AMS symbols (b) (RS)
) (AKA3.toc
LaTeX Font Info:    Font shape `TU/latinmodern-math.otf(1)/m/n' will be
(Font)              scaled to size 7.0pt on input line 2.
LaTeX Font Info:    Font shape `TU/latinmodern-math.otf(1)/m/n' will be
(Font)              scaled to size 5.0pt on input line 2.
LaTeX Font Info:    Font shape `TU/latinmodern-math.otf(2)/m/n' will be
(Font)              scaled to size 10.00092pt on input line 2.
LaTeX Font Info:    Font shape `TU/latinmodern-math.otf(2)/m/n' will be
(Font)              scaled to size 7.00064pt on input line 2.
LaTeX Font Info:    Font shape `TU/latinmodern-math.otf(2)/m/n' will be
(Font)              scaled to size 5.00046pt on input line 2.
LaTeX Font Info:    Font shape `TU/latinmodern-math.otf(3)/m/n' will be
(Font)              scaled to size 9.99893pt on input line 2.
LaTeX Font Info:    Font shape `TU/latinmodern-math.otf(3)/m/n' will be
(Font)              scaled to size 6.99925pt on input line 2.
LaTeX Font Info:    Font shape `TU/latinmodern-math.otf(3)/m/n' will be
(Font)              scaled to size 4.99947pt on input line 2.
)
\tf@toc=\write4
\openout4 = `AKA3.toc'.

File: Doubleblind.png Graphic file (type bmp)
<Doubleblind.png>

Overfull \hbox (130.64497pt too wide) in paragraph at lines 193--219
 [][] 
 []

[1

] [2] [3]
File: Venn1.png Graphic file (type bmp)
<Venn1.png>
File: Venn2.png Graphic file (type bmp)
<Venn2.png>
[4]
File: Venn3.png Graphic file (type bmp)
<Venn3.png>
File: Venn5.png Graphic file (type bmp)
<Venn5.png>
[5]
File: Teori_fig1.png Graphic file (type bmp)
<Teori_fig1.png>
File: Teori_fig2.png Graphic file (type bmp)
<Teori_fig2.png>
[6]
File: Teori_fig3.png Graphic file (type bmp)
<Teori_fig3.png>
File: Teori_fig4.png Graphic file (type bmp)
<Teori_fig4.png>
[7]
File: Teori_fig5.png Graphic file (type bmp)
<Teori_fig5.png>
[8]
File: Teori_fig6.png Graphic file (type bmp)
<Teori_fig6.png>
File: Teori_fig7.png Graphic file (type bmp)
<Teori_fig7.png>
[9]
File: Teori_fig8.png Graphic file (type bmp)
<Teori_fig8.png>
File: Teori_fig9.png Graphic file (type bmp)
<Teori_fig9.png>
[10]
File: Teori_fig10.png Graphic file (type bmp)
<Teori_fig10.png>
[11] [12]
File: 02_Kap_2_files/figure-latex/unnamed-chunk-6-1.pdf Graphic file (type pdf)

<use 02_Kap_2_files/figure-latex/unnamed-chunk-6-1.pdf>

Overfull \hbox (105.17885pt too wide) in paragraph at lines 491--492
 \TU/lmr/bx/n/10 1.3.1.1 Histogram[] [] 
 []

[13]
File: 02_Kap_2_files/figure-latex/unnamed-chunk-7-1.pdf Graphic file (type pdf)

<use 02_Kap_2_files/figure-latex/unnamed-chunk-7-1.pdf>
[14]
File: 02_Kap_2_files/figure-latex/unnamed-chunk-10-1.pdf Graphic file (type pdf
)
<use 02_Kap_2_files/figure-latex/unnamed-chunk-10-1.pdf>

Underfull \vbox (badness 2384) detected at line 571
 []

[15]
File: 02_Kap_2_files/figure-latex/unnamed-chunk-13-1.pdf Graphic file (type pdf
)
<use 02_Kap_2_files/figure-latex/unnamed-chunk-13-1.pdf>
[16]
File: 02_Kap_2_files/figure-latex/unnamed-chunk-16-1.pdf Graphic file (type pdf
)
<use 02_Kap_2_files/figure-latex/unnamed-chunk-16-1.pdf>
[17]
File: 02_Kap_2_files/figure-latex/unnamed-chunk-19-1.pdf Graphic file (type pdf
)
<use 02_Kap_2_files/figure-latex/unnamed-chunk-19-1.pdf>
[18]
File: 02_Kap_2_files/figure-latex/unnamed-chunk-22-1.pdf Graphic file (type pdf
)
<use 02_Kap_2_files/figure-latex/unnamed-chunk-22-1.pdf>
[19]
File: 02_Kap_2_files/figure-latex/unnamed-chunk-25-1.pdf Graphic file (type pdf
)
<use 02_Kap_2_files/figure-latex/unnamed-chunk-25-1.pdf>
[20]
File: 02_Kap_2_files/figure-latex/unnamed-chunk-28-1.pdf Graphic file (type pdf
)
<use 02_Kap_2_files/figure-latex/unnamed-chunk-28-1.pdf>
[21]
File: Hartman1.png Graphic file (type bmp)
<Hartman1.png>
[22] [23]
File: 02_Kap_2_files/figure-latex/unnamed-chunk-37-1.pdf Graphic file (type pdf
)
<use 02_Kap_2_files/figure-latex/unnamed-chunk-37-1.pdf>

Overfull \hbox (96.51884pt too wide) in paragraph at lines 914--916
 \TU/lmr/bx/n/10 1.3.1.4 Boxplott[] []
 []

[24]
File: Boxplott.png Graphic file (type bmp)
<Boxplott.png>
File: 02_Kap_2_files/figure-latex/unnamed-chunk-38-1.pdf Graphic file (type pdf
)
<use 02_Kap_2_files/figure-latex/unnamed-chunk-38-1.pdf>

Overfull \hbox (112.87885pt too wide) in paragraph at lines 944--945
 \TU/lmr/bx/n/10 1.3.1.5 Scatterplott[] [] 
 []

[25]
File: 02_Kap_2_files/figure-latex/unnamed-chunk-39-1.pdf Graphic file (type pdf
)
<use 02_Kap_2_files/figure-latex/unnamed-chunk-39-1.pdf>
[26] [27]
File: OLS1.png Graphic file (type bmp)
<OLS1.png>
[28] [29]
Missing character: There is no  in font [lmroman10-regular]:mapping=tex-text;!
Missing character: There is no  in font [lmroman10-regular]:mapping=tex-text;!
[30] [31]
Overfull \hbox (44.13496pt too wide) in alignment at lines 1185--1196
 [] [] 
 []


Overfull \hbox (44.13496pt too wide) in alignment at lines 1196--1202
 [] [] 
 []


Overfull \hbox (44.13496pt too wide) in alignment at lines 1202--1242
 [] [] 
 []

File: Field_s223.png Graphic file (type bmp)
<Field_s223.png>
[32]
File: 02_Kap_2_files/figure-latex/unnamed-chunk-46-1.pdf Graphic file (type pdf
)
<use 02_Kap_2_files/figure-latex/unnamed-chunk-46-1.pdf>
[33]
Underfull \vbox (badness 10000) detected at line 1333
 []

[34]
Underfull \vbox (badness 10000) detected at line 1391
 []

[35]
File: 02_Kap_2_files/figure-latex/unnamed-chunk-50-1.pdf Graphic file (type pdf
)
<use 02_Kap_2_files/figure-latex/unnamed-chunk-50-1.pdf>
File: 02_Kap_2_files/figure-latex/unnamed-chunk-51-1.pdf Graphic file (type pdf
)
<use 02_Kap_2_files/figure-latex/unnamed-chunk-51-1.pdf>
[36]

LaTeX Warning: `!h' float specifier changed to `!ht'.

[37]
File: 02_Kap_2_files/figure-latex/unnamed-chunk-53-1.pdf Graphic file (type pdf
)
<use 02_Kap_2_files/figure-latex/unnamed-chunk-53-1.pdf>
[38] [39]
File: 02_Kap_2_files/figure-latex/unnamed-chunk-55-1.pdf Graphic file (type pdf
)
<use 02_Kap_2_files/figure-latex/unnamed-chunk-55-1.pdf>
File: 02_Kap_2_files/figure-latex/unnamed-chunk-55-2.pdf Graphic file (type pdf
)
<use 02_Kap_2_files/figure-latex/unnamed-chunk-55-2.pdf>
[40]
File: 02_Kap_2_files/figure-latex/unnamed-chunk-56-1.pdf Graphic file (type pdf
)
<use 02_Kap_2_files/figure-latex/unnamed-chunk-56-1.pdf>
[41]
File: 02_Kap_2_files/figure-latex/unnamed-chunk-57-1.pdf Graphic file (type pdf
)
<use 02_Kap_2_files/figure-latex/unnamed-chunk-57-1.pdf>
[42] [43]
File: Heteroskedasicity.png Graphic file (type bmp)
<Heteroskedasicity.png>
[44]
File: Homoskedastisitet.png Graphic file (type bmp)
<Homoskedastisitet.png>
[45]
File: 02_Kap_2_files/figure-latex/unnamed-chunk-63-1.pdf Graphic file (type pdf
)
<use 02_Kap_2_files/figure-latex/unnamed-chunk-63-1.pdf>
[46]
File: 02_Kap_2_files/figure-latex/unnamed-chunk-67-1.pdf Graphic file (type pdf
)
<use 02_Kap_2_files/figure-latex/unnamed-chunk-67-1.pdf>
[47]
Underfull \hbox (badness 1460) in paragraph at lines 1801--1802
\TU/lmr/m/n/10 relativt langt fra senter av prediksjonsrommet og som derfor \TU
/lmr/bx/n/10 potensielt \TU/lmr/m/n/10 har stor innflytelse p
 []

File: 02_Kap_2_files/figure-latex/unnamed-chunk-68-1.pdf Graphic file (type pdf
)
<use 02_Kap_2_files/figure-latex/unnamed-chunk-68-1.pdf>
[48]
File: 02_Kap_2_files/figure-latex/unnamed-chunk-69-1.pdf Graphic file (type pdf
)
<use 02_Kap_2_files/figure-latex/unnamed-chunk-69-1.pdf>
[49]
File: 02_Kap_2_files/figure-latex/unnamed-chunk-70-1.pdf Graphic file (type pdf
)
<use 02_Kap_2_files/figure-latex/unnamed-chunk-70-1.pdf>
[50] [51]
File: 02_Kap_2_files/figure-latex/unnamed-chunk-72-1.pdf Graphic file (type pdf
)
<use 02_Kap_2_files/figure-latex/unnamed-chunk-72-1.pdf>
[52]
File: 02_Kap_2_files/figure-latex/unnamed-chunk-75-1.pdf Graphic file (type pdf
)
<use 02_Kap_2_files/figure-latex/unnamed-chunk-75-1.pdf>
[53] [54] [55] [56] [57]
File: 02_Kap_2_files/figure-latex/unnamed-chunk-86-1.pdf Graphic file (type pdf
)
<use 02_Kap_2_files/figure-latex/unnamed-chunk-86-1.pdf>
[58]
File: 02_Kap_2_files/figure-latex/unnamed-chunk-87-1.pdf Graphic file (type pdf
)
<use 02_Kap_2_files/figure-latex/unnamed-chunk-87-1.pdf>
[59]
File: 02_Kap_2_files/figure-latex/unnamed-chunk-87-2.pdf Graphic file (type pdf
)
<use 02_Kap_2_files/figure-latex/unnamed-chunk-87-2.pdf>
[60]
File: 02_Kap_2_files/figure-latex/unnamed-chunk-87-3.pdf Graphic file (type pdf
)
<use 02_Kap_2_files/figure-latex/unnamed-chunk-87-3.pdf>
[61]
File: 02_Kap_2_files/figure-latex/unnamed-chunk-88-1.pdf Graphic file (type pdf
)
<use 02_Kap_2_files/figure-latex/unnamed-chunk-88-1.pdf>
[62]
File: PallantOLS.png Graphic file (type bmp)
<PallantOLS.png>
[63] [64]
File: 02_Kap_2_files/figure-latex/unnamed-chunk-90-1.pdf Graphic file (type pdf
)
<use 02_Kap_2_files/figure-latex/unnamed-chunk-90-1.pdf>

LaTeX Warning: `!h' float specifier changed to `!ht'.

[65]
File: 02_Kap_2_files/figure-latex/unnamed-chunk-91-1.pdf Graphic file (type pdf
)
<use 02_Kap_2_files/figure-latex/unnamed-chunk-91-1.pdf>

LaTeX Warning: `!h' float specifier changed to `!ht'.


LaTeX Warning: `!h' float specifier changed to `!ht'.

[66] [67] [68]
File: 02_Kap_2_files/figure-latex/unnamed-chunk-97-1.pdf Graphic file (type pdf
)
<use 02_Kap_2_files/figure-latex/unnamed-chunk-97-1.pdf>
[69]

LaTeX Warning: `!h' float specifier changed to `!ht'.

File: 02_Kap_2_files/figure-latex/unnamed-chunk-99-1.pdf Graphic file (type pdf
)
<use 02_Kap_2_files/figure-latex/unnamed-chunk-99-1.pdf>
[70]
File: 02_Kap_2_files/figure-latex/unnamed-chunk-100-1.pdf Graphic file (type pd
f)
<use 02_Kap_2_files/figure-latex/unnamed-chunk-100-1.pdf>
[71]
File: 02_Kap_2_files/figure-latex/unnamed-chunk-101-1.pdf Graphic file (type pd
f)
<use 02_Kap_2_files/figure-latex/unnamed-chunk-101-1.pdf>
[72]
File: 02_Kap_2_files/figure-latex/unnamed-chunk-102-1.pdf Graphic file (type pd
f)
<use 02_Kap_2_files/figure-latex/unnamed-chunk-102-1.pdf>
[73]
File: 02_Kap_2_files/figure-latex/unnamed-chunk-103-1.pdf Graphic file (type pd
f)
<use 02_Kap_2_files/figure-latex/unnamed-chunk-103-1.pdf>
[74] [75]
File: 02_Kap_2_files/figure-latex/unnamed-chunk-108-1.pdf Graphic file (type pd
f)
<use 02_Kap_2_files/figure-latex/unnamed-chunk-108-1.pdf>
[76]
File: 02_Kap_2_files/figure-latex/unnamed-chunk-109-1.pdf Graphic file (type pd
f)
<use 02_Kap_2_files/figure-latex/unnamed-chunk-109-1.pdf>
File: 02_Kap_2_files/figure-latex/unnamed-chunk-110-1.pdf Graphic file (type pd
f)
<use 02_Kap_2_files/figure-latex/unnamed-chunk-110-1.pdf>
[77]
File: 02_Kap_2_files/figure-latex/unnamed-chunk-111-1.pdf Graphic file (type pd
f)
<use 02_Kap_2_files/figure-latex/unnamed-chunk-111-1.pdf>
[78]
File: 02_Kap_2_files/figure-latex/unnamed-chunk-112-1.pdf Graphic file (type pd
f)
<use 02_Kap_2_files/figure-latex/unnamed-chunk-112-1.pdf>
[79] [80] [81] [82] [83] [84]
File: 02_Kap_2_files/figure-latex/unnamed-chunk-124-1.pdf Graphic file (type pd
f)
<use 02_Kap_2_files/figure-latex/unnamed-chunk-124-1.pdf>
File: PallantOLShier.png Graphic file (type bmp)
<PallantOLShier.png>
[85]

LaTeX Warning: `!h' float specifier changed to `!ht'.


LaTeX Warning: `!h' float specifier changed to `!ht'.


LaTeX Warning: `!h' float specifier changed to `!ht'.

[86] [87] [88] [89]
File: 02_Kap_2_files/figure-latex/unnamed-chunk-133-1.pdf Graphic file (type pd
f)
<use 02_Kap_2_files/figure-latex/unnamed-chunk-133-1.pdf>
File: 02_Kap_2_files/figure-latex/unnamed-chunk-134-1.pdf Graphic file (type pd
f)
<use 02_Kap_2_files/figure-latex/unnamed-chunk-134-1.pdf>
[90]
File: 02_Kap_2_files/figure-latex/unnamed-chunk-135-1.pdf Graphic file (type pd
f)
<use 02_Kap_2_files/figure-latex/unnamed-chunk-135-1.pdf>
[91] [92]
File: 02_Kap_2_files/figure-latex/unnamed-chunk-140-1.pdf Graphic file (type pd
f)
<use 02_Kap_2_files/figure-latex/unnamed-chunk-140-1.pdf>
[93]
File: 02_Kap_2_files/figure-latex/unnamed-chunk-141-1.pdf Graphic file (type pd
f)
<use 02_Kap_2_files/figure-latex/unnamed-chunk-141-1.pdf>
[94]
File: 02_Kap_2_files/figure-latex/unnamed-chunk-142-1.pdf Graphic file (type pd
f)
<use 02_Kap_2_files/figure-latex/unnamed-chunk-142-1.pdf>
File: 02_Kap_2_files/figure-latex/unnamed-chunk-142-2.pdf Graphic file (type pd
f)
<use 02_Kap_2_files/figure-latex/unnamed-chunk-142-2.pdf>

Underfull \hbox (badness 10000) in paragraph at lines 3649--3650
[][]
 []

[95] [96]
File: 02_Kap_2_files/figure-latex/unnamed-chunk-143-1.pdf Graphic file (type pd
f)
<use 02_Kap_2_files/figure-latex/unnamed-chunk-143-1.pdf>
[97] [98] [99] [100] [101] [102] [103]

Package hyperref Warning: Suppressing empty link on input line 4003.

[104]
File: 02_Kap_2_files/figure-latex/unnamed-chunk-153-1.pdf Graphic file (type pd
f)
<use 02_Kap_2_files/figure-latex/unnamed-chunk-153-1.pdf>
File: 02_Kap_2_files/figure-latex/unnamed-chunk-153-2.pdf Graphic file (type pd
f)
<use 02_Kap_2_files/figure-latex/unnamed-chunk-153-2.pdf>
[105]
File: stepwise.png Graphic file (type bmp)
<stepwise.png>
[106] [107]
Underfull \vbox (badness 10000) detected at line 4228
 []


Underfull \vbox (badness 10000) detected at line 4228
 []

[108] [109] [110]
Underfull \vbox (badness 10000) detected at line 4399
 []


Underfull \vbox (badness 10000) detected at line 4399
 []

[111] [112] [113] [114] [115] [116] [117] [118]
File: 03_Kap_3_files/figure-latex/unnamed-chunk-2-1.pdf Graphic file (type pdf)

<use 03_Kap_3_files/figure-latex/unnamed-chunk-2-1.pdf>
[119]
File: 03_Kap_3_files/figure-latex/unnamed-chunk-3-1.pdf Graphic file (type pdf)

<use 03_Kap_3_files/figure-latex/unnamed-chunk-3-1.pdf>
File: 03_Kap_3_files/figure-latex/unnamed-chunk-4-1.pdf Graphic file (type pdf)

<use 03_Kap_3_files/figure-latex/unnamed-chunk-4-1.pdf>
[120]
File: 03_Kap_3_files/figure-latex/unnamed-chunk-5-1.pdf Graphic file (type pdf)

<use 03_Kap_3_files/figure-latex/unnamed-chunk-5-1.pdf>
[121]
File: 03_Kap_3_files/figure-latex/unnamed-chunk-6-1.pdf Graphic file (type pdf)

<use 03_Kap_3_files/figure-latex/unnamed-chunk-6-1.pdf>
[122]
File: 03_Kap_3_files/figure-latex/unnamed-chunk-7-1.pdf Graphic file (type pdf)

<use 03_Kap_3_files/figure-latex/unnamed-chunk-7-1.pdf>
[123] [124] [125] [126] [127]
Overfull \vbox (1.78577pt too high) detected at line 5191
 []

[128] [129]
File: PCA-FA.png Graphic file (type bmp)
<PCA-FA.png>
[130]
File: PCA-EFA-CFA.png Graphic file (type bmp)
<PCA-EFA-CFA.png>
[131]
File: PCA-EFA.png Graphic file (type bmp)
<PCA-EFA.png>

Package fontspec Info: Arial scale = 0.8311536146592658.


Package fontspec Info: Arial scale = 0.8311536146592658.


Package fontspec Info: Arial scale = 0.8311536146592658.


Package fontspec Info: Arial/B scale = 0.8311536146592658.


Package fontspec Info: Arial/B scale = 0.8311536146592658.


Package fontspec Info: Arial/I scale = 0.8311536146592658.


Package fontspec Info: Arial/I scale = 0.8311536146592658.


Package fontspec Info: Arial/BI scale = 0.8311536146592658.


Package fontspec Info: Arial/BI scale = 0.8311536146592658.


Package fontspec Info: Font family 'Arial(0)' created for font 'Arial' with
(fontspec)             options [Scale=MatchLowercase,Ligatures=TeX,Scale=1].
(fontspec)              
(fontspec)              This font family consists of the following NFSS
(fontspec)             series/shapes:
(fontspec)              
(fontspec)             - 'normal' (m/n) with NFSS spec.:
(fontspec)             <->s*[1]"Arial/OT:script=latn;language=dflt;mapping=tex-
text;"
(fontspec)             - 'small caps'  (m/sc) with NFSS spec.:
(fontspec)             <->s*[1]"Arial/OT:script=latn;language=dflt;+smcp;mappin
g=tex-text;"
(fontspec)             - 'bold' (b/n) with NFSS spec.:
(fontspec)             <->s*[1]"Arial/B/OT:script=latn;language=dflt;mapping=te
x-text;"
(fontspec)             - 'bold small caps'  (b/sc) with NFSS spec.:
(fontspec)             <->s*[1]"Arial/B/OT:script=latn;language=dflt;+smcp;mapp
ing=tex-text;"
(fontspec)             - 'italic' (m/it) with NFSS spec.:
(fontspec)             <->s*[1]"Arial/I/OT:script=latn;language=dflt;mapping=te
x-text;"
(fontspec)             - 'italic small caps'  (m/scit) with NFSS spec.:
(fontspec)             <->s*[1]"Arial/I/OT:script=latn;language=dflt;+smcp;mapp
ing=tex-text;"
(fontspec)             - 'bold italic' (b/it) with NFSS spec.:
(fontspec)             <->s*[1]"Arial/BI/OT:script=latn;language=dflt;mapping=t
ex-text;"
(fontspec)             - 'bold italic small caps'  (b/scit) with NFSS spec.:
(fontspec)             <->s*[1]"Arial/BI/OT:script=latn;language=dflt;+smcp;map
ping=tex-text;"

LaTeX Font Info:    Font shape `TU/Arial(0)/m/n' will be
(Font)              scaled to size 11.0pt on input line 5320.

Package fontspec Info: Arial scale = 0.9999973249515148.


Package fontspec Info: Arial scale = 0.9999973249515148.


Package fontspec Info: Arial scale = 0.9999973249515148.


Package fontspec Info: Arial/B scale = 0.9999973249515148.


Package fontspec Info: Arial/B scale = 0.9999973249515148.


Package fontspec Info: Arial/I scale = 0.9999973249515148.


Package fontspec Info: Arial/I scale = 0.9999973249515148.


Package fontspec Info: Arial/BI scale = 0.9999973249515148.


Package fontspec Info: Arial/BI scale = 0.9999973249515148.


Package fontspec Info: Font family 'Arial(1)' created for font 'Arial' with
(fontspec)             options [Scale=MatchLowercase].
(fontspec)              
(fontspec)              This font family consists of the following NFSS
(fontspec)             series/shapes:
(fontspec)              
(fontspec)             - 'normal' (m/n) with NFSS spec.:
(fontspec)             <->s*[0.9999973249515148]"Arial/OT:script=latn;language=
dflt;"
(fontspec)             - 'small caps'  (m/sc) with NFSS spec.:
(fontspec)             <->s*[0.9999973249515148]"Arial/OT:script=latn;language=
dflt;+smcp;"
(fontspec)             - 'bold' (b/n) with NFSS spec.:
(fontspec)             <->s*[0.9999973249515148]"Arial/B/OT:script=latn;languag
e=dflt;"
(fontspec)             - 'bold small caps'  (b/sc) with NFSS spec.:
(fontspec)             <->s*[0.9999973249515148]"Arial/B/OT:script=latn;languag
e=dflt;+smcp;"
(fontspec)             - 'italic' (m/it) with NFSS spec.:
(fontspec)             <->s*[0.9999973249515148]"Arial/I/OT:script=latn;languag
e=dflt;"
(fontspec)             - 'italic small caps'  (m/scit) with NFSS spec.:
(fontspec)             <->s*[0.9999973249515148]"Arial/I/OT:script=latn;languag
e=dflt;+smcp;"
(fontspec)             - 'bold italic' (b/it) with NFSS spec.:
(fontspec)             <->s*[0.9999973249515148]"Arial/BI/OT:script=latn;langua
ge=dflt;"
(fontspec)             - 'bold italic small caps'  (b/scit) with NFSS spec.:
(fontspec)             <->s*[0.9999973249515148]"Arial/BI/OT:script=latn;langua
ge=dflt;+smcp;"

LaTeX Font Info:    Overwriting math alphabet `\mathrm' in version `normal'
(Font)                  TU/lmr/m/n --> TU/Arial(1)/m/n on input line 5320.
LaTeX Font Info:    Overwriting math alphabet `\mathit' in version `normal'
(Font)                  TU/lmr/m/it --> TU/Arial(1)/m/it on input line 5320.
LaTeX Font Info:    Overwriting math alphabet `\mathbf' in version `normal'
(Font)                  TU/lmr/bx/n --> TU/Arial(1)/b/n on input line 5320.

Package fontspec Info: Arial scale = 0.8311536146592658.


Package fontspec Info: Arial scale = 0.8311536146592658.


Package fontspec Info: Arial scale = 0.8311536146592658.


Package fontspec Info: Arial scale = 0.8311536146592658.


Package fontspec Info: Arial scale = 0.8311536146592658.


Package fontspec Info: Arial scale = 0.8311536146592658.


Package fontspec Info: Arial scale = 0.8311536146592658.


Package fontspec Info: Arial scale = 0.8311536146592658.


Package fontspec Info: Arial scale = 0.8311536146592658.


Package fontspec Info: Arial scale = 0.8311536146592658.


Package fontspec Info: Arial scale = 0.8311536146592658.


Package fontspec Info: Arial scale = 0.8311536146592658.


Package fontspec Info: Arial scale = 0.8311536146592658.


Package fontspec Info: Arial scale = 0.8311536146592658.


Package fontspec Info: Arial scale = 0.8311536146592658.


Package fontspec Info: Arial scale = 0.8311536146592658.


Package fontspec Info: Arial scale = 0.8311536146592658.


Package fontspec Info: Arial scale = 0.8311536146592658.


Package fontspec Info: Arial scale = 0.8311536146592658.


Package fontspec Info: Arial scale = 0.8311536146592658.


Package fontspec Info: Arial scale = 0.8311536146592658.


Package fontspec Info: Arial scale = 0.8311536146592658.


Package fontspec Info: Arial scale = 0.8311536146592658.

[132]
File: 05_Kap_5_files/figure-latex/unnamed-chunk-3-1.pdf Graphic file (type pdf)

<use 05_Kap_5_files/figure-latex/unnamed-chunk-3-1.pdf>

Package fontspec Info: Arial scale = 0.8311536146592658.


Package fontspec Info: Arial scale = 0.8311536146592658.


Package fontspec Info: Arial scale = 0.8311536146592658.


Package fontspec Info: Arial scale = 0.8311536146592658.


Package fontspec Info: Arial scale = 0.8311536146592658.


Package fontspec Info: Arial scale = 0.8311536146592658.


Package fontspec Info: Arial scale = 0.8311536146592658.


Package fontspec Info: Arial scale = 0.8311536146592658.


Package fontspec Info: Arial scale = 0.8311536146592658.


Package fontspec Info: Arial scale = 0.8311536146592658.


Package fontspec Info: Arial scale = 0.8311536146592658.


Package fontspec Info: Arial scale = 0.8311536146592658.


Package fontspec Info: Arial scale = 0.8311536146592658.


Package fontspec Info: Arial scale = 0.8311536146592658.


Package fontspec Info: Arial scale = 0.8311536146592658.


Package fontspec Info: Arial scale = 0.8311536146592658.


Package fontspec Info: Arial scale = 0.8311536146592658.


Package fontspec Info: Arial scale = 0.8311536146592658.


Package fontspec Info: Arial scale = 0.8311536146592658.


Package fontspec Info: Arial scale = 0.8311536146592658.


Package fontspec Info: Arial scale = 0.8311536146592658.


Package fontspec Info: Arial scale = 0.8311536146592658.


Package fontspec Info: Arial scale = 0.8311536146592658.


Package fontspec Info: Arial scale = 0.8311536146592658.


Package fontspec Info: Arial scale = 0.8311536146592658.


Package fontspec Info: Arial scale = 0.8311536146592658.


Package fontspec Info: Arial scale = 0.8311536146592658.


Package fontspec Info: Arial scale = 0.8311536146592658.


Package fontspec Info: Arial scale = 0.8311536146592658.


Package fontspec Info: Arial scale = 0.8311536146592658.


Package fontspec Info: Arial scale = 0.8311536146592658.


Package fontspec Info: Arial scale = 0.8311536146592658.


Package fontspec Info: Arial scale = 0.8311536146592658.


Package fontspec Info: Arial scale = 0.8311536146592658.


Package fontspec Info: Arial scale = 0.8311536146592658.


Package fontspec Info: Arial scale = 0.8311536146592658.

[133]
File: 05_Kap_5_files/figure-latex/unnamed-chunk-5-1.pdf Graphic file (type pdf)

<use 05_Kap_5_files/figure-latex/unnamed-chunk-5-1.pdf>

Package fontspec Info: Arial scale = 0.8311536146592658.


Package fontspec Info: Arial scale = 0.8311536146592658.


Package fontspec Info: Arial scale = 0.8311536146592658.


Package fontspec Info: Arial scale = 0.8311536146592658.


Package fontspec Info: Arial scale = 0.8311536146592658.


Package fontspec Info: Arial scale = 0.8311536146592658.


Package fontspec Info: Arial scale = 0.8311536146592658.


Package fontspec Info: Arial scale = 0.8311536146592658.


Package fontspec Info: Arial scale = 0.8311536146592658.


Package fontspec Info: Arial scale = 0.8311536146592658.


Package fontspec Info: Arial scale = 0.8311536146592658.


Package fontspec Info: Arial scale = 0.8311536146592658.


Package fontspec Info: Arial scale = 0.8311536146592658.


Package fontspec Info: Arial scale = 0.8311536146592658.


Package fontspec Info: Arial scale = 0.8311536146592658.


Package fontspec Info: Arial scale = 0.8311536146592658.


Package fontspec Info: Arial scale = 0.8311536146592658.


Package fontspec Info: Arial scale = 0.8311536146592658.


Package fontspec Info: Arial scale = 0.8311536146592658.


Package fontspec Info: Arial scale = 0.8311536146592658.


Package fontspec Info: Arial scale = 0.8311536146592658.


Package fontspec Info: Arial scale = 0.8311536146592658.


Package fontspec Info: Arial scale = 0.8311536146592658.


Package fontspec Info: Arial scale = 0.8311536146592658.


Package fontspec Info: Arial scale = 0.8311536146592658.


Package fontspec Info: Arial scale = 0.8311536146592658.


Package fontspec Info: Arial scale = 0.8311536146592658.


Package fontspec Info: Arial scale = 0.8311536146592658.


Package fontspec Info: Arial scale = 0.8311536146592658.


Package fontspec Info: Arial scale = 0.8311536146592658.


Package fontspec Info: Arial scale = 0.8311536146592658.


Package fontspec Info: Arial scale = 0.8311536146592658.


Package fontspec Info: Arial scale = 0.8311536146592658.


Package fontspec Info: Arial scale = 0.8311536146592658.


Package fontspec Info: Arial scale = 0.8311536146592658.


Package fontspec Info: Arial scale = 0.8311536146592658.


Package fontspec Info: Arial scale = 0.8311536146592658.


Package fontspec Info: Arial scale = 0.8311536146592658.


Package fontspec Info: Arial scale = 0.8311536146592658.


Package fontspec Info: Arial scale = 0.8311536146592658.


Package fontspec Info: Arial scale = 0.8311536146592658.


Package fontspec Info: Arial scale = 0.8311536146592658.


Package fontspec Info: Arial scale = 0.8311536146592658.


Package fontspec Info: Arial scale = 0.8311536146592658.


Package fontspec Info: Arial scale = 0.8311536146592658.


Package fontspec Info: Arial scale = 0.8311536146592658.


Package fontspec Info: Arial scale = 0.8311536146592658.


Package fontspec Info: Arial scale = 0.8311536146592658.

[134]

Package fontspec Info: Arial scale = 0.8311536146592658.


Package fontspec Info: Arial scale = 0.8311536146592658.


Package fontspec Info: Arial scale = 0.8311536146592658.


Package fontspec Info: Arial scale = 0.8311536146592658.


Package fontspec Info: Arial scale = 0.8311536146592658.


Package fontspec Info: Arial scale = 0.8311536146592658.


Package fontspec Info: Arial scale = 0.8311536146592658.


Package fontspec Info: Arial scale = 0.8311536146592658.


Package fontspec Info: Arial scale = 0.8311536146592658.


Package fontspec Info: Arial scale = 0.8311536146592658.


Package fontspec Info: Arial scale = 0.8311536146592658.


Package fontspec Info: Arial scale = 0.8311536146592658.


Package fontspec Info: Arial scale = 0.8311536146592658.


Package fontspec Info: Arial scale = 0.8311536146592658.


Package fontspec Info: Arial scale = 0.8311536146592658.


Package fontspec Info: Arial scale = 0.8311536146592658.


Package fontspec Info: Arial scale = 0.8311536146592658.


Package fontspec Info: Arial scale = 0.8311536146592658.


Package fontspec Info: Arial scale = 0.8311536146592658.


Package fontspec Info: Arial scale = 0.8311536146592658.


Package fontspec Info: Arial scale = 0.8311536146592658.


Package fontspec Info: Arial scale = 0.8311536146592658.


Package fontspec Info: Arial scale = 0.8311536146592658.


Package fontspec Info: Arial scale = 0.8311536146592658.


Package fontspec Info: Arial scale = 0.8311536146592658.


Package fontspec Info: Arial scale = 0.8311536146592658.


Package fontspec Info: Arial scale = 0.8311536146592658.


Package fontspec Info: Arial scale = 0.8311536146592658.


Package fontspec Info: Arial scale = 0.8311536146592658.


Package fontspec Info: Arial scale = 0.8311536146592658.


Package fontspec Info: Arial scale = 0.8311536146592658.


Package fontspec Info: Arial scale = 0.8311536146592658.


Package fontspec Info: Arial scale = 0.8311536146592658.


Package fontspec Info: Arial scale = 0.8311536146592658.


Package fontspec Info: Arial scale = 0.8311536146592658.


Package fontspec Info: Arial scale = 0.8311536146592658.

[135]
File: 05_Kap_5_files/figure-latex/unnamed-chunk-8-1.pdf Graphic file (type pdf)

<use 05_Kap_5_files/figure-latex/unnamed-chunk-8-1.pdf>
LaTeX Font Info:    Font shape `TU/lmtt/bx/n' in size <10> not available
(Font)              Font shape `TU/lmtt/b/n' tried instead on input line 5739.
File: 05_Kap_5_files/figure-latex/unnamed-chunk-10-1.pdf Graphic file (type pdf
)
<use 05_Kap_5_files/figure-latex/unnamed-chunk-10-1.pdf>
[136]
File: 05_Kap_5_files/figure-latex/unnamed-chunk-11-1.pdf Graphic file (type pdf
)
<use 05_Kap_5_files/figure-latex/unnamed-chunk-11-1.pdf>
[137]
File: 05_Kap_5_files/figure-latex/unnamed-chunk-12-1.pdf Graphic file (type pdf
)
<use 05_Kap_5_files/figure-latex/unnamed-chunk-12-1.pdf>
[138]
File: 05_Kap_5_files/figure-latex/unnamed-chunk-13-1.pdf Graphic file (type pdf
)
<use 05_Kap_5_files/figure-latex/unnamed-chunk-13-1.pdf>
[139]
File: 05_Kap_5_files/figure-latex/unnamed-chunk-14-1.pdf Graphic file (type pdf
)
<use 05_Kap_5_files/figure-latex/unnamed-chunk-14-1.pdf>
[140]

Package fontspec Info: Arial scale = 0.8311536146592658.


Package fontspec Info: Arial scale = 0.8311536146592658.


Package fontspec Info: Arial scale = 0.8311536146592658.


Package fontspec Info: Arial scale = 0.8311536146592658.


Package fontspec Info: Arial scale = 0.8311536146592658.


Package fontspec Info: Arial scale = 0.8311536146592658.


Package fontspec Info: Arial scale = 0.8311536146592658.


Package fontspec Info: Arial scale = 0.8311536146592658.


Package fontspec Info: Arial scale = 0.8311536146592658.


Package fontspec Info: Arial scale = 0.8311536146592658.


Package fontspec Info: Arial scale = 0.8311536146592658.


Package fontspec Info: Arial scale = 0.8311536146592658.


Package fontspec Info: Arial scale = 0.8311536146592658.


Package fontspec Info: Arial scale = 0.8311536146592658.


Package fontspec Info: Arial scale = 0.8311536146592658.


Package fontspec Info: Arial scale = 0.8311536146592658.


Package fontspec Info: Arial scale = 0.8311536146592658.


Package fontspec Info: Arial scale = 0.8311536146592658.


Package fontspec Info: Arial scale = 0.8311536146592658.


Package fontspec Info: Arial scale = 0.8311536146592658.


Package fontspec Info: Arial scale = 0.8311536146592658.


Package fontspec Info: Arial scale = 0.8311536146592658.


Package fontspec Info: Arial scale = 0.8311536146592658.


Package fontspec Info: Arial scale = 0.8311536146592658.


Package fontspec Info: Arial scale = 0.8311536146592658.


Package fontspec Info: Arial scale = 0.8311536146592658.


Package fontspec Info: Arial scale = 0.8311536146592658.


Package fontspec Info: Arial scale = 0.8311536146592658.


Package fontspec Info: Arial scale = 0.8311536146592658.


Package fontspec Info: Arial scale = 0.8311536146592658.


Package fontspec Info: Arial scale = 0.8311536146592658.


Package fontspec Info: Arial scale = 0.8311536146592658.


Package fontspec Info: Arial scale = 0.8311536146592658.


Package fontspec Info: Arial scale = 0.8311536146592658.


Package fontspec Info: Arial scale = 0.8311536146592658.


Package fontspec Info: Arial scale = 0.8311536146592658.

[141]
File: 05_Kap_5_files/figure-latex/unnamed-chunk-15-1.pdf Graphic file (type pdf
)
<use 05_Kap_5_files/figure-latex/unnamed-chunk-15-1.pdf>
File: 05_Kap_5_files/figure-latex/unnamed-chunk-16-1.pdf Graphic file (type pdf
)
<use 05_Kap_5_files/figure-latex/unnamed-chunk-16-1.pdf>
[142]
File: 05_Kap_5_files/figure-latex/unnamed-chunk-17-1.pdf Graphic file (type pdf
)
<use 05_Kap_5_files/figure-latex/unnamed-chunk-17-1.pdf>
[143]
File: 05_Kap_5_files/figure-latex/unnamed-chunk-19-1.pdf Graphic file (type pdf
)
<use 05_Kap_5_files/figure-latex/unnamed-chunk-19-1.pdf>
[144]
File: 05_Kap_5_files/figure-latex/unnamed-chunk-20-1.pdf Graphic file (type pdf
)
<use 05_Kap_5_files/figure-latex/unnamed-chunk-20-1.pdf>
[145]
File: 05_Kap_5_files/figure-latex/unnamed-chunk-21-1.pdf Graphic file (type pdf
)
<use 05_Kap_5_files/figure-latex/unnamed-chunk-21-1.pdf>
[146]
File: 05_Kap_5_files/figure-latex/unnamed-chunk-22-1.pdf Graphic file (type pdf
)
<use 05_Kap_5_files/figure-latex/unnamed-chunk-22-1.pdf>
[147]
File: 05_Kap_5_files/figure-latex/unnamed-chunk-22-2.pdf Graphic file (type pdf
)
<use 05_Kap_5_files/figure-latex/unnamed-chunk-22-2.pdf>
[148]
File: 05_Kap_5_files/figure-latex/unnamed-chunk-23-1.pdf Graphic file (type pdf
)
<use 05_Kap_5_files/figure-latex/unnamed-chunk-23-1.pdf>
[149]
File: rotasjon1.png Graphic file (type bmp)
<rotasjon1.png>
File: rotasjon2.png Graphic file (type bmp)
<rotasjon2.png>
[150]
File: rotasjon3.png Graphic file (type bmp)
<rotasjon3.png>
File: rotasjonsmatrise.png Graphic file (type bmp)
<rotasjonsmatrise.png>
[151]
File: 05_Kap_5_files/figure-latex/unnamed-chunk-25-1.pdf Graphic file (type pdf
)
<use 05_Kap_5_files/figure-latex/unnamed-chunk-25-1.pdf>
[152] [153]
File: 05_Kap_5_files/figure-latex/unnamed-chunk-28-1.pdf Graphic file (type pdf
)
<use 05_Kap_5_files/figure-latex/unnamed-chunk-28-1.pdf>
[154]
File: 05_Kap_5_files/figure-latex/unnamed-chunk-29-1.pdf Graphic file (type pdf
)
<use 05_Kap_5_files/figure-latex/unnamed-chunk-29-1.pdf>
[155] [156]
Underfull \vbox (badness 10000) detected at line 6388
 []

[157]
Underfull \vbox (badness 1629) detected at line 6475
 []

[158]
File: 05_Kap_5_files/figure-latex/unnamed-chunk-37-1.pdf Graphic file (type pdf
)
<use 05_Kap_5_files/figure-latex/unnamed-chunk-37-1.pdf>

Overfull \hbox (115.11218pt too wide) in paragraph at lines 6489--6490
 \TU/lmr/bx/n/10 4.2.3.1.2 Scree plott[] [] 
 []

[159] [160] [161] [162] [163]
Overfull \hbox (116.24498pt too wide) in paragraph at lines 6745--6763
 [][] 
 []

[164] [165]
File: faktoranalyse.png Graphic file (type bmp)
<faktoranalyse.png>
[166]
File: faktoranalyse2.png Graphic file (type bmp)
<faktoranalyse2.png>
File: faktoranalyse3.png Graphic file (type bmp)
<faktoranalyse3.png>
File: faktoranalyse4.png Graphic file (type bmp)
<faktoranalyse4.png>
[167]
File: faktoranalyse5.png Graphic file (type bmp)
<faktoranalyse5.png>
File: faktoranalyse6.png Graphic file (type bmp)
<faktoranalyse6.png>
[168] [169] [170] [171]
File: 05_Kap_5_files/figure-latex/unnamed-chunk-63-1.pdf Graphic file (type pdf
)
<use 05_Kap_5_files/figure-latex/unnamed-chunk-63-1.pdf>

Overfull \hbox (106.1722pt too wide) in paragraph at lines 7097--7098
 \TU/lmr/bx/n/10 4.3.2.2 Scree plott[] [] 
 []

[172]
File: 05_Kap_5_files/figure-latex/unnamed-chunk-64-1.pdf Graphic file (type pdf
)
<use 05_Kap_5_files/figure-latex/unnamed-chunk-64-1.pdf>

Overfull \hbox (133.2522pt too wide) in paragraph at lines 7120--7121
 \TU/lmr/bx/n/10 4.3.2.3 Parallell analyse[] [] 
 []

[173]
File: faktoranalyse7.png Graphic file (type bmp)
<faktoranalyse7.png>
[174]
Underfull \vbox (badness 1748) detected at line 7228
 []

[175]
Overfull \vbox (0.81578pt too high) detected at line 7278
 []

[176]
File: 05_Kap_5_files/figure-latex/unnamed-chunk-67-1.pdf Graphic file (type pdf
)
<use 05_Kap_5_files/figure-latex/unnamed-chunk-67-1.pdf>
[177] (AKA3.bbl
Overfull \hbox (7.47377pt too wide) in paragraph at lines 57--61
[]\TU/lmr/m/n/10 Ralf Becker and James Lincoln.  R - ECLR.  http://eclr.humanit
ies.manchester.ac.uk/index.php/R#Data_Sets,
 []

[178] [179] [180] [181])

Package natbib Warning: There were undefined citations.

[182] (AKA3.aux) ) 
Here is how much of TeX's memory you used:
 22787 strings out of 410931
 441896 string characters out of 2822977
 920382 words of memory out of 3000000
 43130 multiletter control sequences out of 15000+600000
 475920 words of font info for 95 fonts, out of 8000000 for 9000
 1348 hyphenation exceptions out of 8191
 86i,11n,128p,1657b,674s stack positions out of 10000i,1000n,20000p,200000b,80000s

Output written on AKA3.pdf (182 pages).
